#
# There is insufficient memory for the Java Runtime Environment to continue.
# Native memory allocation (malloc) failed to allocate 1581296 bytes. Error detail: Chunk::new
# Possible reasons:
#   The system is out of physical RAM or swap space
#   This process is running with CompressedOops enabled, and the Java Heap may be blocking the growth of the native heap
# Possible solutions:
#   Reduce memory load on the system
#   Increase physical memory or swap space
#   Check if swap backing store is full
#   Decrease Java heap size (-Xmx/-Xms)
#   Decrease number of Java threads
#   Decrease Java thread stack sizes (-Xss)
#   Set larger code cache with -XX:ReservedCodeCacheSize=
#   JVM is running with Unscaled Compressed Oops mode in which the Java heap is
#     placed in the first 4GB address space. The Java Heap base address is the
#     maximum limit for the native heap growth. Please use -XX:HeapBaseMinAddress
#     to set the Java Heap base and to place the Java Heap above 4GB virtual address.
# This output file may be truncated or incomplete.
#
#  Out of Memory Error (arena.cpp:168), pid=8916, tid=4076
#
# JRE version: OpenJDK Runtime Environment Corretto-21.0.5.11.1 (21.0.5+11) (build 21.0.5+11-LTS)
# Java VM: OpenJDK 64-Bit Server VM Corretto-21.0.5.11.1 (21.0.5+11-LTS, mixed mode, sharing, tiered, compressed oops, compressed class ptrs, g1 gc, windows-amd64)
# No core dump will be written. Minidumps are not enabled by default on client versions of Windows
#

---------------  S U M M A R Y ------------

Command Line: -javaagent:C:\Program Files\JetBrains\IntelliJ IDEA Community Edition 2023.2.2\lib\idea_rt.jar=64570:C:\Program Files\JetBrains\IntelliJ IDEA Community Edition 2023.2.2\bin -Dfile.encoding=UTF-8 -Dsun.stdout.encoding=UTF-8 -Dsun.stderr.encoding=UTF-8 com.DigitalMoneyHouse.accountsservice.AccountsServiceApplication

Host: 11th Gen Intel(R) Core(TM) i3-1115G4 @ 3.00GHz, 4 cores, 3G,  Windows 11 , 64 bit Build 22621 (10.0.22621.5415)
Time: Tue Sep  2 22:12:35 2025 Hora estándar de Argentina elapsed time: 22.488513 seconds (0d 0h 0m 22s)

---------------  T H R E A D  ---------------

Current thread (0x00000294d12a15d0):  JavaThread "C2 CompilerThread0" daemon [_thread_in_native, id=4076, stack(0x0000009717800000,0x0000009717900000) (1024K)]


Current CompileTask:
C2:22488 4854   !   4       org.springframework.core.annotation.AnnotationsScanner::processClassHierarchy (234 bytes)

Stack: [0x0000009717800000,0x0000009717900000]
Native frames: (J=compiled Java code, j=interpreted, Vv=VM code, C=native code)
V  [jvm.dll+0x6d9b69]
V  [jvm.dll+0x8b6073]
V  [jvm.dll+0x8b83ce]
V  [jvm.dll+0x8b8ab3]
V  [jvm.dll+0x286226]
V  [jvm.dll+0xc65ed]
V  [jvm.dll+0xc6b23]
V  [jvm.dll+0x3c0491]
V  [jvm.dll+0x38c167]
V  [jvm.dll+0x38b5da]
V  [jvm.dll+0x24e5c2]
V  [jvm.dll+0x24db91]
V  [jvm.dll+0x1cc3c4]
V  [jvm.dll+0x25d249]
V  [jvm.dll+0x25b7fb]
V  [jvm.dll+0x3fab46]
V  [jvm.dll+0x85ed68]
V  [jvm.dll+0x6d836d]
C  [ucrtbase.dll+0x29333]
C  [KERNEL32.DLL+0x1259d]
C  [ntdll.dll+0x5af78]


---------------  P R O C E S S  ---------------

Threads class SMR info:
_java_thread_list=0x0000029518044b50, length=18, elements={
0x00000294b42b5d30, 0x00000294d1294360, 0x00000294d1295510, 0x00000294d1298f30,
0x00000294d129ba80, 0x00000294d129c770, 0x00000294d129dc00, 0x00000294d12a15d0,
0x00000294d12b3980, 0x00000294d1512960, 0x00000294d187e680, 0x00000295174bb360,
0x0000029517c60960, 0x00000294d12b4050, 0x0000029517c5f5b0, 0x0000029517c61d10,
0x0000029517c623a0, 0x0000029517c5fc40
}

Java Threads: ( => current thread )
  0x00000294b42b5d30 JavaThread "main"                              [_thread_in_Java, id=15028, stack(0x0000009716a00000,0x0000009716b00000) (1024K)]
  0x00000294d1294360 JavaThread "Reference Handler"          daemon [_thread_blocked, id=14444, stack(0x0000009717200000,0x0000009717300000) (1024K)]
  0x00000294d1295510 JavaThread "Finalizer"                  daemon [_thread_blocked, id=2840, stack(0x0000009717300000,0x0000009717400000) (1024K)]
  0x00000294d1298f30 JavaThread "Signal Dispatcher"          daemon [_thread_blocked, id=4752, stack(0x0000009717400000,0x0000009717500000) (1024K)]
  0x00000294d129ba80 JavaThread "Attach Listener"            daemon [_thread_blocked, id=7228, stack(0x0000009717500000,0x0000009717600000) (1024K)]
  0x00000294d129c770 JavaThread "Service Thread"             daemon [_thread_blocked, id=14000, stack(0x0000009717600000,0x0000009717700000) (1024K)]
  0x00000294d129dc00 JavaThread "Monitor Deflation Thread"   daemon [_thread_blocked, id=14836, stack(0x0000009717700000,0x0000009717800000) (1024K)]
=>0x00000294d12a15d0 JavaThread "C2 CompilerThread0"         daemon [_thread_in_native, id=4076, stack(0x0000009717800000,0x0000009717900000) (1024K)]
  0x00000294d12b3980 JavaThread "C1 CompilerThread0"         daemon [_thread_blocked, id=14516, stack(0x0000009717900000,0x0000009717a00000) (1024K)]
  0x00000294d1512960 JavaThread "Common-Cleaner"             daemon [_thread_blocked, id=15320, stack(0x0000009717a00000,0x0000009717b00000) (1024K)]
  0x00000294d187e680 JavaThread "Monitor Ctrl-Break"         daemon [_thread_in_native, id=12604, stack(0x0000009717b00000,0x0000009717c00000) (1024K)]
  0x00000295174bb360 JavaThread "Notification Thread"        daemon [_thread_blocked, id=9564, stack(0x0000009717c00000,0x0000009717d00000) (1024K)]
  0x0000029517c60960 JavaThread "Keep-Alive-Timer"           daemon [_thread_blocked, id=1304, stack(0x0000009718100000,0x0000009718200000) (1024K)]
  0x00000294d12b4050 JavaThread "C2 CompilerThread1"         daemon [_thread_in_native, id=11376, stack(0x0000009718200000,0x0000009718300000) (1024K)]
  0x0000029517c5f5b0 JavaThread "Catalina-utility-1"                [_thread_blocked, id=14352, stack(0x0000009718300000,0x0000009718400000) (1024K)]
  0x0000029517c61d10 JavaThread "Catalina-utility-2"                [_thread_blocked, id=13344, stack(0x0000009718400000,0x0000009718500000) (1024K)]
  0x0000029517c623a0 JavaThread "container-0"                       [_thread_blocked, id=12876, stack(0x0000009718500000,0x0000009718600000) (1024K)]
  0x0000029517c5fc40 JavaThread "mysql-cj-abandoned-connection-cleanup" daemon [_thread_blocked, id=3132, stack(0x0000009718600000,0x0000009718700000) (1024K)]
Total: 18

Other Threads:
  0x00000294d127d8c0 VMThread "VM Thread"                           [id=15528, stack(0x0000009717100000,0x0000009717200000) (1024K)]
  0x00000294d126d7f0 WatcherThread "VM Periodic Task Thread"        [id=8016, stack(0x0000009717000000,0x0000009717100000) (1024K)]
  0x00000294b65ca110 WorkerThread "GC Thread#0"                     [id=13232, stack(0x0000009716b00000,0x0000009716c00000) (1024K)]
  0x00000295171eef00 WorkerThread "GC Thread#1"                     [id=14356, stack(0x0000009717d00000,0x0000009717e00000) (1024K)]
  0x00000295174d1130 WorkerThread "GC Thread#2"                     [id=14620, stack(0x0000009717e00000,0x0000009717f00000) (1024K)]
  0x00000295174d14d0 WorkerThread "GC Thread#3"                     [id=13004, stack(0x0000009717f00000,0x0000009718000000) (1024K)]
  0x00000294b65d2770 ConcurrentGCThread "G1 Main Marker"            [id=15912, stack(0x0000009716c00000,0x0000009716d00000) (1024K)]
  0x00000294b65d3420 WorkerThread "G1 Conc#0"                       [id=2844, stack(0x0000009716d00000,0x0000009716e00000) (1024K)]
  0x00000294b662abe0 ConcurrentGCThread "G1 Refine#0"               [id=13752, stack(0x0000009716e00000,0x0000009716f00000) (1024K)]
  0x00000294b662b750 ConcurrentGCThread "G1 Service"                [id=16168, stack(0x0000009716f00000,0x0000009717000000) (1024K)]
Total: 10

Threads with active compile tasks:
C2 CompilerThread0  22523 4854   !   4       org.springframework.core.annotation.AnnotationsScanner::processClassHierarchy (234 bytes)
C1 CompilerThread0  22523 4938       2       org.springframework.beans.factory.support.AbstractBeanFactory::isActuallyInCreation (22 bytes)
C2 CompilerThread1  22523 4840       4       org.springframework.core.annotation.AnnotationsScanner::scan (21 bytes)
Total: 3

VM state: not at safepoint (normal execution)

VM Mutex/Monitor currently owned by a thread: None

Heap address: 0x00000000c4c00000, size: 948 MB, Compressed Oops mode: 32-bit

CDS archive(s) mapped at: [0x00000294d2000000-0x00000294d2c80000-0x00000294d2c80000), size 13107200, SharedBaseAddress: 0x00000294d2000000, ArchiveRelocationMode: 1.
Compressed class space mapped at: 0x00000294d3000000-0x0000029513000000, reserved size: 1073741824
Narrow klass base: 0x00000294d2000000, Narrow klass shift: 0, Narrow klass range: 0x100000000

GC Precious Log:
 CardTable entry size: 512
 Card Set container configuration: InlinePtr #cards 5 size 8 Array Of Cards #cards 12 size 40 Howl #buckets 4 coarsen threshold 1843 Howl Bitmap #cards 512 size 80 coarsen threshold 460 Card regions per heap region 1 cards per card region 2048
 CPUs: 4 total, 4 available
 Memory: 3790M
 Large Page Support: Disabled
 NUMA Support: Disabled
 Compressed Oops: Enabled (32-bit)
 Heap Region Size: 1M
 Heap Min Capacity: 8M
 Heap Initial Capacity: 60M
 Heap Max Capacity: 948M
 Pre-touch: Disabled
 Parallel Workers: 4
 Concurrent Workers: 1
 Concurrent Refinement Workers: 4
 Periodic GC: Disabled

Heap:
 garbage-first heap   total 58368K, used 39393K [0x00000000c4c00000, 0x0000000100000000)
  region size 1024K, 14 young (14336K), 1 survivors (1024K)
 Metaspace       used 36860K, committed 37376K, reserved 1114112K
  class space    used 4681K, committed 4928K, reserved 1048576K

Heap Regions: E=young(eden), S=young(survivor), O=old, HS=humongous(starts), HC=humongous(continues), CS=collection set, F=free, TAMS=top-at-mark-start, PB=parsable bottom
|   0|0x00000000c4c00000, 0x00000000c4d00000, 0x00000000c4d00000|100%|HS|  |TAMS 0x00000000c4c00000| PB 0x00000000c4c00000| Complete 
|   1|0x00000000c4d00000, 0x00000000c4e00000, 0x00000000c4e00000|100%|HS|  |TAMS 0x00000000c4d00000| PB 0x00000000c4d00000| Complete 
|   2|0x00000000c4e00000, 0x00000000c4f00000, 0x00000000c4f00000|100%| O|  |TAMS 0x00000000c4e00000| PB 0x00000000c4e00000| Untracked 
|   3|0x00000000c4f00000, 0x00000000c5000000, 0x00000000c5000000|100%| O|  |TAMS 0x00000000c4f00000| PB 0x00000000c4f00000| Untracked 
|   4|0x00000000c5000000, 0x00000000c5100000, 0x00000000c5100000|100%| O|  |TAMS 0x00000000c5000000| PB 0x00000000c5000000| Untracked 
|   5|0x00000000c5100000, 0x00000000c5200000, 0x00000000c5200000|100%| O|  |TAMS 0x00000000c5100000| PB 0x00000000c5100000| Untracked 
|   6|0x00000000c5200000, 0x00000000c5300000, 0x00000000c5300000|100%| O|  |TAMS 0x00000000c5200000| PB 0x00000000c5200000| Untracked 
|   7|0x00000000c5300000, 0x00000000c5400000, 0x00000000c5400000|100%| O|  |TAMS 0x00000000c5300000| PB 0x00000000c5300000| Untracked 
|   8|0x00000000c5400000, 0x00000000c5500000, 0x00000000c5500000|100%| O|  |TAMS 0x00000000c5400000| PB 0x00000000c5400000| Untracked 
|   9|0x00000000c5500000, 0x00000000c5600000, 0x00000000c5600000|100%| O|  |TAMS 0x00000000c5500000| PB 0x00000000c5500000| Untracked 
|  10|0x00000000c5600000, 0x00000000c5700000, 0x00000000c5700000|100%| O|  |TAMS 0x00000000c5600000| PB 0x00000000c5600000| Untracked 
|  11|0x00000000c5700000, 0x00000000c5800000, 0x00000000c5800000|100%| O|  |TAMS 0x00000000c5700000| PB 0x00000000c5700000| Untracked 
|  12|0x00000000c5800000, 0x00000000c5900000, 0x00000000c5900000|100%| O|  |TAMS 0x00000000c5800000| PB 0x00000000c5800000| Untracked 
|  13|0x00000000c5900000, 0x00000000c5a00000, 0x00000000c5a00000|100%| O|  |TAMS 0x00000000c5900000| PB 0x00000000c5900000| Untracked 
|  14|0x00000000c5a00000, 0x00000000c5b00000, 0x00000000c5b00000|100%| O|  |TAMS 0x00000000c5a00000| PB 0x00000000c5a00000| Untracked 
|  15|0x00000000c5b00000, 0x00000000c5c00000, 0x00000000c5c00000|100%| O|  |TAMS 0x00000000c5b00000| PB 0x00000000c5b00000| Untracked 
|  16|0x00000000c5c00000, 0x00000000c5d00000, 0x00000000c5d00000|100%| O|  |TAMS 0x00000000c5c00000| PB 0x00000000c5c00000| Untracked 
|  17|0x00000000c5d00000, 0x00000000c5e00000, 0x00000000c5e00000|100%| O|  |TAMS 0x00000000c5d00000| PB 0x00000000c5d00000| Untracked 
|  18|0x00000000c5e00000, 0x00000000c5f00000, 0x00000000c5f00000|100%| O|  |TAMS 0x00000000c5e00000| PB 0x00000000c5e00000| Untracked 
|  19|0x00000000c5f00000, 0x00000000c6000000, 0x00000000c6000000|100%| O|Cm|TAMS 0x00000000c5f00000| PB 0x00000000c5f00000| Complete 
|  20|0x00000000c6000000, 0x00000000c6100000, 0x00000000c6100000|100%| O|  |TAMS 0x00000000c6000000| PB 0x00000000c6000000| Untracked 
|  21|0x00000000c6100000, 0x00000000c6200000, 0x00000000c6200000|100%| O|  |TAMS 0x00000000c6100000| PB 0x00000000c6100000| Untracked 
|  22|0x00000000c6200000, 0x00000000c6300000, 0x00000000c6300000|100%| O|  |TAMS 0x00000000c6200000| PB 0x00000000c6200000| Untracked 
|  23|0x00000000c6300000, 0x00000000c6400000, 0x00000000c6400000|100%| O|  |TAMS 0x00000000c6300000| PB 0x00000000c6300000| Untracked 
|  24|0x00000000c6400000, 0x00000000c6500000, 0x00000000c6500000|100%|HS|  |TAMS 0x00000000c6400000| PB 0x00000000c6400000| Complete 
|  25|0x00000000c6500000, 0x00000000c6600000, 0x00000000c6600000|100%| O|  |TAMS 0x00000000c6500000| PB 0x00000000c6500000| Untracked 
|  26|0x00000000c6600000, 0x00000000c66b5380, 0x00000000c6700000| 70%| O|  |TAMS 0x00000000c6600000| PB 0x00000000c6600000| Untracked 
|  27|0x00000000c6700000, 0x00000000c6700000, 0x00000000c6800000|  0%| F|  |TAMS 0x00000000c6700000| PB 0x00000000c6700000| Untracked 
|  28|0x00000000c6800000, 0x00000000c6800000, 0x00000000c6900000|  0%| F|  |TAMS 0x00000000c6800000| PB 0x00000000c6800000| Untracked 
|  29|0x00000000c6900000, 0x00000000c6900000, 0x00000000c6a00000|  0%| F|  |TAMS 0x00000000c6900000| PB 0x00000000c6900000| Untracked 
|  30|0x00000000c6a00000, 0x00000000c6a00000, 0x00000000c6b00000|  0%| F|  |TAMS 0x00000000c6a00000| PB 0x00000000c6a00000| Untracked 
|  31|0x00000000c6b00000, 0x00000000c6b00000, 0x00000000c6c00000|  0%| F|  |TAMS 0x00000000c6b00000| PB 0x00000000c6b00000| Untracked 
|  32|0x00000000c6c00000, 0x00000000c6c00000, 0x00000000c6d00000|  0%| F|  |TAMS 0x00000000c6c00000| PB 0x00000000c6c00000| Untracked 
|  33|0x00000000c6d00000, 0x00000000c6d00000, 0x00000000c6e00000|  0%| F|  |TAMS 0x00000000c6d00000| PB 0x00000000c6d00000| Untracked 
|  34|0x00000000c6e00000, 0x00000000c6e00000, 0x00000000c6f00000|  0%| F|  |TAMS 0x00000000c6e00000| PB 0x00000000c6e00000| Untracked 
|  35|0x00000000c6f00000, 0x00000000c6f00000, 0x00000000c7000000|  0%| F|  |TAMS 0x00000000c6f00000| PB 0x00000000c6f00000| Untracked 
|  36|0x00000000c7000000, 0x00000000c7000000, 0x00000000c7100000|  0%| F|  |TAMS 0x00000000c7000000| PB 0x00000000c7000000| Untracked 
|  37|0x00000000c7100000, 0x00000000c7100000, 0x00000000c7200000|  0%| F|  |TAMS 0x00000000c7100000| PB 0x00000000c7100000| Untracked 
|  38|0x00000000c7200000, 0x00000000c7200000, 0x00000000c7300000|  0%| F|  |TAMS 0x00000000c7200000| PB 0x00000000c7200000| Untracked 
|  39|0x00000000c7300000, 0x00000000c7300000, 0x00000000c7400000|  0%| F|  |TAMS 0x00000000c7300000| PB 0x00000000c7300000| Untracked 
|  40|0x00000000c7400000, 0x00000000c7400000, 0x00000000c7500000|  0%| F|  |TAMS 0x00000000c7400000| PB 0x00000000c7400000| Untracked 
|  41|0x00000000c7500000, 0x00000000c7500000, 0x00000000c7600000|  0%| F|  |TAMS 0x00000000c7500000| PB 0x00000000c7500000| Untracked 
|  42|0x00000000c7600000, 0x00000000c7600000, 0x00000000c7700000|  0%| F|  |TAMS 0x00000000c7600000| PB 0x00000000c7600000| Untracked 
|  43|0x00000000c7700000, 0x00000000c777bf78, 0x00000000c7800000| 48%| E|  |TAMS 0x00000000c7700000| PB 0x00000000c7700000| Complete 
|  44|0x00000000c7800000, 0x00000000c7900000, 0x00000000c7900000|100%| E|CS|TAMS 0x00000000c7800000| PB 0x00000000c7800000| Complete 
|  45|0x00000000c7900000, 0x00000000c7a00000, 0x00000000c7a00000|100%| E|CS|TAMS 0x00000000c7900000| PB 0x00000000c7900000| Complete 
|  46|0x00000000c7a00000, 0x00000000c7b00000, 0x00000000c7b00000|100%| E|CS|TAMS 0x00000000c7a00000| PB 0x00000000c7a00000| Complete 
|  47|0x00000000c7b00000, 0x00000000c7c00000, 0x00000000c7c00000|100%| E|CS|TAMS 0x00000000c7b00000| PB 0x00000000c7b00000| Complete 
|  48|0x00000000c7c00000, 0x00000000c7d00000, 0x00000000c7d00000|100%| E|CS|TAMS 0x00000000c7c00000| PB 0x00000000c7c00000| Complete 
|  49|0x00000000c7d00000, 0x00000000c7e00000, 0x00000000c7e00000|100%| E|CS|TAMS 0x00000000c7d00000| PB 0x00000000c7d00000| Complete 
|  50|0x00000000c7e00000, 0x00000000c7f00000, 0x00000000c7f00000|100%| E|CS|TAMS 0x00000000c7e00000| PB 0x00000000c7e00000| Complete 
|  51|0x00000000c7f00000, 0x00000000c8000000, 0x00000000c8000000|100%| E|CS|TAMS 0x00000000c7f00000| PB 0x00000000c7f00000| Complete 
|  52|0x00000000c8000000, 0x00000000c8100000, 0x00000000c8100000|100%| E|  |TAMS 0x00000000c8000000| PB 0x00000000c8000000| Complete 
|  53|0x00000000c8100000, 0x00000000c8200000, 0x00000000c8200000|100%| E|CS|TAMS 0x00000000c8100000| PB 0x00000000c8100000| Complete 
|  54|0x00000000c8200000, 0x00000000c82c3320, 0x00000000c8300000| 76%| S|CS|TAMS 0x00000000c8200000| PB 0x00000000c8200000| Complete 
|  55|0x00000000c8300000, 0x00000000c8400000, 0x00000000c8400000|100%| E|CS|TAMS 0x00000000c8300000| PB 0x00000000c8300000| Complete 
|  59|0x00000000c8700000, 0x00000000c8800000, 0x00000000c8800000|100%| E|CS|TAMS 0x00000000c8700000| PB 0x00000000c8700000| Complete 

Card table byte_map: [0x00000294cdc60000,0x00000294cde40000] _byte_map_base: 0x00000294cd63a000

Marking Bits: (CMBitMap*) 0x00000294b65ca810
 Bits: [0x00000294cde40000, 0x00000294ced10000)

Polling page: 0x00000294b44a0000

Metaspace:

Usage:
  Non-class:     31.43 MB used.
      Class:      4.57 MB used.
       Both:     36.00 MB used.

Virtual space:
  Non-class space:       64.00 MB reserved,      31.69 MB ( 50%) committed,  1 nodes.
      Class space:        1.00 GB reserved,       4.81 MB ( <1%) committed,  1 nodes.
             Both:        1.06 GB reserved,      36.50 MB (  3%) committed. 

Chunk freelists:
   Non-Class:  15.44 MB
       Class:  11.20 MB
        Both:  26.64 MB

MaxMetaspaceSize: unlimited
CompressedClassSpaceSize: 1.00 GB
Initial GC threshold: 21.00 MB
Current GC threshold: 59.06 MB
CDS: on
 - commit_granule_bytes: 65536.
 - commit_granule_words: 8192.
 - virtual_space_node_default_size: 8388608.
 - enlarge_chunks_in_place: 1.
 - use_allocation_guard: 0.


Internal statistics:

num_allocs_failed_limit: 6.
num_arena_births: 678.
num_arena_deaths: 0.
num_vsnodes_births: 2.
num_vsnodes_deaths: 0.
num_space_committed: 584.
num_space_uncommitted: 0.
num_chunks_returned_to_freelist: 6.
num_chunks_taken_from_freelist: 2009.
num_chunk_merges: 6.
num_chunk_splits: 1366.
num_chunks_enlarged: 983.
num_inconsistent_stats: 0.

CodeHeap 'non-profiled nmethods': size=120000Kb used=2696Kb max_used=2974Kb free=117304Kb
 bounds [0x00000294c6730000, 0x00000294c6a20000, 0x00000294cdc60000]
CodeHeap 'profiled nmethods': size=120000Kb used=9570Kb max_used=9991Kb free=110429Kb
 bounds [0x00000294bec60000, 0x00000294bf630000, 0x00000294c6190000]
CodeHeap 'non-nmethods': size=5760Kb used=1659Kb max_used=1715Kb free=4101Kb
 bounds [0x00000294c6190000, 0x00000294c6400000, 0x00000294c6730000]
 total_blobs=5129 nmethods=4559 adapters=474
 compilation: enabled
              stopped_count=0, restarted_count=0
 full_count=0

Compilation events (20 events):
Event: 22.476 Thread 0x00000294d12b3980 4909       3       org.springframework.transaction.annotation.JtaTransactionAnnotationParser::parseTransactionAnnotation (19 bytes)
Event: 22.476 Thread 0x00000294d12b3980 nmethod 4909 0x00000294bee8a890 code [0x00000294bee8aa60, 0x00000294bee8ac60]
Event: 22.477 Thread 0x00000294d12b3980 4910       2       org.springframework.beans.factory.config.DependencyDescriptor::getDependencyType (50 bytes)
Event: 22.478 Thread 0x00000294d12b3980 nmethod 4910 0x00000294bedae410 code [0x00000294bedae600, 0x00000294bedae8e8]
Event: 22.478 Thread 0x00000294d12b3980 4911       3       java.util.HashMap::putVal (300 bytes)
Event: 22.479 Thread 0x00000294d12b3980 nmethod 4911 0x00000294bec90910 code [0x00000294bec90be0, 0x00000294bec91d60]
Event: 22.479 Thread 0x00000294d12b3980 4912       2       org.springframework.core.ResolvableType::forRawClass (10 bytes)
Event: 22.479 Thread 0x00000294d12b3980 nmethod 4912 0x00000294beeb5d10 code [0x00000294beeb5ec0, 0x00000294beeb6090]
Event: 22.479 Thread 0x00000294d12b3980 4913       2       org.springframework.core.ResolvableType$1::<init> (11 bytes)
Event: 22.480 Thread 0x00000294d12b3980 nmethod 4913 0x00000294bf13e010 code [0x00000294bf13e1c0, 0x00000294bf13e328]
Event: 22.482 Thread 0x00000294d12b3980 4914       2       org.springframework.boot.context.properties.bind.Binder::handleBindResult (168 bytes)
Event: 22.483 Thread 0x00000294d12b3980 nmethod 4914 0x00000294bed7c990 code [0x00000294bed7cc20, 0x00000294bed7d240]
Event: 22.483 Thread 0x00000294d12b3980 4915   !   2       org.springframework.boot.context.properties.bind.Binder::bindObject (117 bytes)
Event: 22.483 Thread 0x00000294d12b3980 nmethod 4915 0x00000294bee9fe10 code [0x00000294beea0020, 0x00000294beea0428]
Event: 22.483 Thread 0x00000294d12b3980 4916       1       org.apache.catalina.core.StandardContext::getTldValidation (5 bytes)
Event: 22.483 Thread 0x00000294d12b3980 nmethod 4916 0x00000294c676e090 code [0x00000294c676e220, 0x00000294c676e2f0]
Event: 22.483 Thread 0x00000294d12b3980 4917       1       org.apache.catalina.core.StandardContext::getXmlBlockExternal (5 bytes)
Event: 22.483 Thread 0x00000294d12b3980 nmethod 4917 0x00000294c676dd90 code [0x00000294c676df20, 0x00000294c676dff0]
Event: 22.483 Thread 0x00000294d12b3980 4919       2       org.springframework.boot.context.properties.bind.Bindable::of (29 bytes)
Event: 22.483 Thread 0x00000294d12b3980 nmethod 4919 0x00000294bee85d90 code [0x00000294bee85f60, 0x00000294bee86200]

GC Heap History (20 events):
Event: 4.292 GC heap before
{Heap before GC invocations=0 (full 0):
 garbage-first heap   total 61440K, used 15360K [0x00000000c4c00000, 0x0000000100000000)
  region size 1024K, 13 young (13312K), 0 survivors (0K)
 Metaspace       used 1328K, committed 1472K, reserved 1114112K
  class space    used 91K, committed 192K, reserved 1048576K
}
Event: 4.299 GC heap after
{Heap after GC invocations=1 (full 0):
 garbage-first heap   total 61440K, used 10432K [0x00000000c4c00000, 0x0000000100000000)
  region size 1024K, 2 young (2048K), 2 survivors (2048K)
 Metaspace       used 1328K, committed 1472K, reserved 1114112K
  class space    used 91K, committed 192K, reserved 1048576K
}
Event: 6.210 GC heap before
{Heap before GC invocations=1 (full 0):
 garbage-first heap   total 61440K, used 18624K [0x00000000c4c00000, 0x0000000100000000)
  region size 1024K, 10 young (10240K), 2 survivors (2048K)
 Metaspace       used 4598K, committed 4864K, reserved 1114112K
  class space    used 465K, committed 576K, reserved 1048576K
}
Event: 6.215 GC heap after
{Heap after GC invocations=2 (full 0):
 garbage-first heap   total 61440K, used 11498K [0x00000000c4c00000, 0x0000000100000000)
  region size 1024K, 1 young (1024K), 1 survivors (1024K)
 Metaspace       used 4598K, committed 4864K, reserved 1114112K
  class space    used 465K, committed 576K, reserved 1048576K
}
Event: 8.368 GC heap before
{Heap before GC invocations=2 (full 0):
 garbage-first heap   total 61440K, used 30954K [0x00000000c4c00000, 0x0000000100000000)
  region size 1024K, 21 young (21504K), 1 survivors (1024K)
 Metaspace       used 10090K, committed 10368K, reserved 1114112K
  class space    used 1179K, committed 1344K, reserved 1048576K
}
Event: 8.376 GC heap after
{Heap after GC invocations=3 (full 0):
 garbage-first heap   total 61440K, used 13158K [0x00000000c4c00000, 0x0000000100000000)
  region size 1024K, 3 young (3072K), 3 survivors (3072K)
 Metaspace       used 10090K, committed 10368K, reserved 1114112K
  class space    used 1179K, committed 1344K, reserved 1048576K
}
Event: 18.048 GC heap before
{Heap before GC invocations=3 (full 0):
 garbage-first heap   total 61440K, used 40806K [0x00000000c4c00000, 0x0000000100000000)
  region size 1024K, 30 young (30720K), 3 survivors (3072K)
 Metaspace       used 17272K, committed 17600K, reserved 1114112K
  class space    used 2023K, committed 2176K, reserved 1048576K
}
Event: 18.060 GC heap after
{Heap after GC invocations=4 (full 0):
 garbage-first heap   total 61440K, used 15159K [0x00000000c4c00000, 0x0000000100000000)
  region size 1024K, 4 young (4096K), 4 survivors (4096K)
 Metaspace       used 17272K, committed 17600K, reserved 1114112K
  class space    used 2023K, committed 2176K, reserved 1048576K
}
Event: 18.615 GC heap before
{Heap before GC invocations=4 (full 0):
 garbage-first heap   total 61440K, used 30519K [0x00000000c4c00000, 0x0000000100000000)
  region size 1024K, 21 young (21504K), 4 survivors (4096K)
 Metaspace       used 21238K, committed 21504K, reserved 1114112K
  class space    used 2574K, committed 2688K, reserved 1048576K
}
Event: 18.626 GC heap after
{Heap after GC invocations=5 (full 0):
 garbage-first heap   total 61440K, used 17077K [0x00000000c4c00000, 0x0000000100000000)
  region size 1024K, 4 young (4096K), 4 survivors (4096K)
 Metaspace       used 21238K, committed 21504K, reserved 1114112K
  class space    used 2574K, committed 2688K, reserved 1048576K
}
Event: 19.483 GC heap before
{Heap before GC invocations=6 (full 0):
 garbage-first heap   total 58368K, used 44725K [0x00000000c4c00000, 0x0000000100000000)
  region size 1024K, 32 young (32768K), 4 survivors (4096K)
 Metaspace       used 24103K, committed 24384K, reserved 1114112K
  class space    used 2875K, committed 3008K, reserved 1048576K
}
Event: 19.498 GC heap after
{Heap after GC invocations=7 (full 0):
 garbage-first heap   total 58368K, used 19662K [0x00000000c4c00000, 0x0000000100000000)
  region size 1024K, 4 young (4096K), 4 survivors (4096K)
 Metaspace       used 24103K, committed 24384K, reserved 1114112K
  class space    used 2875K, committed 3008K, reserved 1048576K
}
Event: 20.106 GC heap before
{Heap before GC invocations=7 (full 0):
 garbage-first heap   total 58368K, used 45262K [0x00000000c4c00000, 0x0000000100000000)
  region size 1024K, 29 young (29696K), 4 survivors (4096K)
 Metaspace       used 26651K, committed 26944K, reserved 1114112K
  class space    used 3181K, committed 3328K, reserved 1048576K
}
Event: 20.118 GC heap after
{Heap after GC invocations=8 (full 0):
 garbage-first heap   total 58368K, used 21897K [0x00000000c4c00000, 0x0000000100000000)
  region size 1024K, 3 young (3072K), 3 survivors (3072K)
 Metaspace       used 26651K, committed 26944K, reserved 1114112K
  class space    used 3181K, committed 3328K, reserved 1048576K
}
Event: 20.981 GC heap before
{Heap before GC invocations=8 (full 0):
 garbage-first heap   total 58368K, used 46473K [0x00000000c4c00000, 0x0000000100000000)
  region size 1024K, 28 young (28672K), 3 survivors (3072K)
 Metaspace       used 30226K, committed 30720K, reserved 1114112K
  class space    used 3801K, committed 4032K, reserved 1048576K
}
Event: 20.990 GC heap after
{Heap after GC invocations=9 (full 0):
 garbage-first heap   total 58368K, used 23260K [0x00000000c4c00000, 0x0000000100000000)
  region size 1024K, 4 young (4096K), 4 survivors (4096K)
 Metaspace       used 30226K, committed 30720K, reserved 1114112K
  class space    used 3801K, committed 4032K, reserved 1048576K
}
Event: 22.032 GC heap before
{Heap before GC invocations=9 (full 0):
 garbage-first heap   total 58368K, used 48860K [0x00000000c4c00000, 0x0000000100000000)
  region size 1024K, 29 young (29696K), 4 survivors (4096K)
 Metaspace       used 35035K, committed 35520K, reserved 1114112K
  class space    used 4446K, committed 4672K, reserved 1048576K
}
Event: 22.045 GC heap after
{Heap after GC invocations=10 (full 0):
 garbage-first heap   total 58368K, used 25788K [0x00000000c4c00000, 0x0000000100000000)
  region size 1024K, 4 young (4096K), 4 survivors (4096K)
 Metaspace       used 35035K, committed 35520K, reserved 1114112K
  class space    used 4446K, committed 4672K, reserved 1048576K
}
Event: 22.109 GC heap before
{Heap before GC invocations=10 (full 0):
 garbage-first heap   total 58368K, used 26812K [0x00000000c4c00000, 0x0000000100000000)
  region size 1024K, 6 young (6144K), 4 survivors (4096K)
 Metaspace       used 35527K, committed 35968K, reserved 1114112K
  class space    used 4494K, committed 4672K, reserved 1048576K
}
Event: 22.117 GC heap after
{Heap after GC invocations=11 (full 0):
 garbage-first heap   total 58368K, used 27105K [0x00000000c4c00000, 0x0000000100000000)
  region size 1024K, 1 young (1024K), 1 survivors (1024K)
 Metaspace       used 35527K, committed 35968K, reserved 1114112K
  class space    used 4494K, committed 4672K, reserved 1048576K
}

Dll operation events (13 events):
Event: 0.027 Loaded shared library C:\Users\nerea\.jdks\corretto-21.0.5\bin\java.dll
Event: 0.077 Loaded shared library C:\Users\nerea\.jdks\corretto-21.0.5\bin\jsvml.dll
Event: 0.344 Loaded shared library C:\Users\nerea\.jdks\corretto-21.0.5\bin\zip.dll
Event: 0.395 Loaded shared library C:\Users\nerea\.jdks\corretto-21.0.5\bin\instrument.dll
Event: 0.432 Loaded shared library C:\Users\nerea\.jdks\corretto-21.0.5\bin\net.dll
Event: 0.435 Loaded shared library C:\Users\nerea\.jdks\corretto-21.0.5\bin\nio.dll
Event: 0.463 Loaded shared library C:\Users\nerea\.jdks\corretto-21.0.5\bin\zip.dll
Event: 2.646 Loaded shared library C:\Users\nerea\.jdks\corretto-21.0.5\bin\jimage.dll
Event: 4.262 Loaded shared library C:\Program Files\JetBrains\IntelliJ IDEA Community Edition 2023.2.2\bin\breakgen64.dll
Event: 4.275 Loaded shared library C:\Users\nerea\.jdks\corretto-21.0.5\bin\extnet.dll
Event: 18.380 Loaded shared library C:\Users\nerea\.jdks\corretto-21.0.5\bin\sunmscapi.dll
Event: 22.149 Loaded shared library C:\Users\nerea\.jdks\corretto-21.0.5\bin\management.dll
Event: 22.153 Loaded shared library C:\Users\nerea\.jdks\corretto-21.0.5\bin\management_ext.dll

Deoptimization events (20 events):
Event: 22.388 Thread 0x00000294b42b5d30 DEOPT PACKING pc=0x00000294c697a864 sp=0x0000009716afd1c0
Event: 22.388 Thread 0x00000294b42b5d30 DEOPT UNPACKING pc=0x00000294c61e7da2 sp=0x0000009716afd150 mode 2
Event: 22.446 Thread 0x0000029517c5fc40 Uncommon trap: trap_request=0xffffff45 fr.pc=0x00000294c68c42a8 relative=0x0000000000001348
Event: 22.447 Thread 0x0000029517c5fc40 Uncommon trap: reason=unstable_if action=reinterpret pc=0x00000294c68c42a8 method=java.net.URL.<init>(Ljava/net/URL;Ljava/lang/String;Ljava/net/URLStreamHandler;)V @ 57 c2
Event: 22.447 Thread 0x0000029517c5fc40 DEOPT PACKING pc=0x00000294c68c42a8 sp=0x00000097186fef10
Event: 22.447 Thread 0x0000029517c5fc40 DEOPT UNPACKING pc=0x00000294c61e7da2 sp=0x00000097186fee90 mode 2
Event: 22.447 Thread 0x0000029517c5fc40 Uncommon trap: trap_request=0xffffff45 fr.pc=0x00000294c680179c relative=0x00000000000002dc
Event: 22.447 Thread 0x0000029517c5fc40 Uncommon trap: reason=unstable_if action=reinterpret pc=0x00000294c680179c method=java.lang.String.regionMatches(ZILjava/lang/String;II)Z @ 36 c2
Event: 22.447 Thread 0x0000029517c5fc40 DEOPT PACKING pc=0x00000294c680179c sp=0x00000097186fee50
Event: 22.447 Thread 0x0000029517c5fc40 DEOPT UNPACKING pc=0x00000294c61e7da2 sp=0x00000097186fede8 mode 2
Event: 22.447 Thread 0x0000029517c5fc40 Uncommon trap: trap_request=0xffffff45 fr.pc=0x00000294c696badc relative=0x00000000000026fc
Event: 22.447 Thread 0x0000029517c5fc40 Uncommon trap: reason=unstable_if action=reinterpret pc=0x00000294c696badc method=java.net.URLStreamHandler.parseURL(Ljava/net/URL;Ljava/lang/String;II)V @ 57 c2
Event: 22.447 Thread 0x0000029517c5fc40 DEOPT PACKING pc=0x00000294c696badc sp=0x00000097186fed60
Event: 22.447 Thread 0x0000029517c5fc40 DEOPT UNPACKING pc=0x00000294c61e7da2 sp=0x00000097186fed10 mode 2
Event: 22.454 Thread 0x00000294b42b5d30 Uncommon trap: trap_request=0xffffff45 fr.pc=0x00000294c691f2f0 relative=0x0000000000000770
Event: 22.454 Thread 0x00000294b42b5d30 Uncommon trap: reason=unstable_if action=reinterpret pc=0x00000294c691f2f0 method=java.util.HashMap.putVal(ILjava/lang/Object;Ljava/lang/Object;ZZ)Ljava/lang/Object; @ 94 c2
Event: 22.454 Thread 0x00000294b42b5d30 DEOPT PACKING pc=0x00000294c691f2f0 sp=0x0000009716afcab0
Event: 22.454 Thread 0x00000294b42b5d30 DEOPT UNPACKING pc=0x00000294c61e7da2 sp=0x0000009716afca38 mode 2
Event: 22.478 Thread 0x00000294b42b5d30 DEOPT PACKING pc=0x00000294bf48c58e sp=0x0000009716afdf40
Event: 22.478 Thread 0x00000294b42b5d30 DEOPT UNPACKING pc=0x00000294c61e88e2 sp=0x0000009716afd4e0 mode 0

Classes loaded (20 events):
Event: 22.168 Loading class java/util/Collections$2
Event: 22.168 Loading class java/util/Collections$2 done
Event: 22.239 Loading class java/util/regex/Pattern$BnM
Event: 22.239 Loading class java/util/regex/Pattern$BnM done
Event: 22.268 Loading class java/util/UUID$Holder
Event: 22.268 Loading class java/util/UUID$Holder done
Event: 22.358 Loading class java/io/EOFException
Event: 22.358 Loading class java/io/EOFException done
Event: 22.359 Loading class javax/net/ssl/SSLException
Event: 22.359 Loading class javax/net/ssl/SSLException done
Event: 22.376 Loading class java/nio/channels/CompletionHandler
Event: 22.376 Loading class java/nio/channels/CompletionHandler done
Event: 22.387 Loading class jdk/internal/vm/annotation/IntrinsicCandidate
Event: 22.387 Loading class jdk/internal/vm/annotation/IntrinsicCandidate done
Event: 22.398 Loading class java/util/concurrent/ScheduledThreadPoolExecutor$ScheduledFutureTask
Event: 22.398 Loading class java/util/concurrent/ScheduledThreadPoolExecutor$ScheduledFutureTask done
Event: 22.398 Loading class java/util/concurrent/Executors$RunnableAdapter
Event: 22.398 Loading class java/util/concurrent/Executors$RunnableAdapter done
Event: 22.405 Loading class java/lang/invoke/DirectMethodHandle$Special
Event: 22.405 Loading class java/lang/invoke/DirectMethodHandle$Special done

Classes unloaded (0 events):
No events

Classes redefined (0 events):
No events

Internal exceptions (20 events):
Event: 21.281 Thread 0x00000294b42b5d30 Exception <a 'java/lang/NoSuchMethodError'{0x00000000c7c902d0}: 'void java.lang.invoke.DelegatingMethodHandle$Holder.reinvoke_L(java.lang.Object, java.lang.Object, int)'> (0x00000000c7c902d0) 
thrown [s\src\hotspot\share\interpreter\linkResolver.cpp, line 773]
Event: 21.360 Thread 0x00000294b42b5d30 Implicit null exception at 0x00000294c69a4d30 to 0x00000294c69a5fc8
Event: 21.464 Thread 0x00000294b42b5d30 Exception <a 'java/lang/NoSuchMethodError'{0x00000000c7895b50}: 'java.lang.Object java.lang.invoke.DirectMethodHandle$Holder.invokeVirtual(java.lang.Object, java.lang.Object, java.lang.Object, java.lang.Object, java.lang.Object)'> (0x00000000c7895b50) 
thrown [s\src\hotspot\share\interpreter\linkResolver.cpp, line 773]
Event: 21.579 Thread 0x00000294b42b5d30 Exception <a 'java/lang/NoSuchMethodError'{0x00000000c7593098}: 'java.lang.Object java.lang.invoke.DirectMethodHandle$Holder.invokeVirtual(java.lang.Object, java.lang.Object, java.lang.Object, java.lang.Object, java.lang.Object, java.lang.Object)'> (0x00000000c7593098) 
thrown [s\src\hotspot\share\interpreter\linkResolver.cpp, line 773]
Event: 21.600 Thread 0x00000294b42b5d30 Exception <a 'java/lang/NoSuchMethodError'{0x00000000c7422228}: 'void java.lang.invoke.DirectMethodHandle$Holder.invokeSpecial(java.lang.Object, java.lang.Object, java.lang.Object, java.lang.Object, java.lang.Object, java.lang.Object, java.lang.Object)'> (0x00000000c7422228) 
thrown [s\src\hotspot\share\interpreter\linkResolver.cpp, line 773]
Event: 21.633 Thread 0x00000294b42b5d30 Exception <a 'java/lang/NoSuchMethodError'{0x00000000c7302898}: 'void java.lang.invoke.DirectMethodHandle$Holder.invokeInterface(java.lang.Object, java.lang.Object, int)'> (0x00000000c7302898) 
thrown [s\src\hotspot\share\interpreter\linkResolver.cpp, line 773]
Event: 21.638 Thread 0x00000294b42b5d30 Exception <a 'java/lang/IncompatibleClassChangeError'{0x00000000c7345df8}: Found class java.lang.Object, but interface was expected> (0x00000000c7345df8) 
thrown [s\src\hotspot\share\interpreter\linkResolver.cpp, line 840]
Event: 21.643 Thread 0x00000294b42b5d30 Exception <a 'java/lang/NoSuchMethodError'{0x00000000c7354360}: 'int java.lang.invoke.DirectMethodHandle$Holder.invokeSpecialIFC(java.lang.Object, java.lang.Object, java.lang.Object)'> (0x00000000c7354360) 
thrown [s\src\hotspot\share\interpreter\linkResolver.cpp, line 773]
Event: 21.644 Thread 0x00000294b42b5d30 Exception <a 'java/lang/NoSuchMethodError'{0x00000000c7360a60}: 'void java.lang.invoke.DirectMethodHandle$Holder.invokeStatic(java.lang.Object, int, java.lang.Object)'> (0x00000000c7360a60) 
thrown [s\src\hotspot\share\interpreter\linkResolver.cpp, line 773]
Event: 21.650 Thread 0x00000294b42b5d30 Exception <a 'java/lang/NoSuchMethodError'{0x00000000c7398f18}: 'void java.lang.invoke.DirectMethodHandle$Holder.invokeStatic(java.lang.Object, java.lang.Object, java.lang.Object, int, java.lang.Object)'> (0x00000000c7398f18) 
thrown [s\src\hotspot\share\interpreter\linkResolver.cpp, line 773]
Event: 21.651 Thread 0x00000294b42b5d30 Exception <a 'java/lang/NoSuchMethodError'{0x00000000c739f8b8}: 'java.lang.Object java.lang.invoke.DirectMethodHandle$Holder.newInvokeSpecial(java.lang.Object, java.lang.Object, java.lang.Object, int)'> (0x00000000c739f8b8) 
thrown [s\src\hotspot\share\interpreter\linkResolver.cpp, line 773]
Event: 21.652 Thread 0x00000294b42b5d30 Exception <a 'java/lang/NoSuchMethodError'{0x00000000c73a3748}: 'java.lang.Object java.lang.invoke.DirectMethodHandle$Holder.invokeSpecial(java.lang.Object, java.lang.Object, java.lang.Object, java.lang.Object, int)'> (0x00000000c73a3748) 
thrown [s\src\hotspot\share\interpreter\linkResolver.cpp, line 773]
Event: 21.652 Thread 0x00000294b42b5d30 Exception <a 'java/lang/NoSuchMethodError'{0x00000000c73a6bf0}: 'java.lang.Object java.lang.invoke.Invokers$Holder.linkToTargetMethod(java.lang.Object, java.lang.Object, int, java.lang.Object)'> (0x00000000c73a6bf0) 
thrown [s\src\hotspot\share\interpreter\linkResolver.cpp, line 773]
Event: 21.850 Thread 0x00000294b42b5d30 Exception <a 'java/lang/NoSuchMethodError'{0x00000000c6f619c0}: 'java.lang.Object java.lang.invoke.DirectMethodHandle$Holder.invokeStaticInit(java.lang.Object, int, int, int, int)'> (0x00000000c6f619c0) 
thrown [s\src\hotspot\share\interpreter\linkResolver.cpp, line 773]
Event: 21.874 Thread 0x00000294b42b5d30 Exception <a 'java/lang/NoSuchMethodError'{0x00000000c6fbdd50}: 'java.lang.Object java.lang.invoke.DirectMethodHandle$Holder.invokeStaticInit(java.lang.Object, java.lang.Object, int, int, int, int)'> (0x00000000c6fbdd50) 
thrown [s\src\hotspot\share\interpreter\linkResolver.cpp, line 773]
Event: 22.072 Thread 0x00000294b42b5d30 Exception <a 'java/lang/NoSuchMethodError'{0x00000000c87725f8}: 'int java.lang.invoke.DirectMethodHandle$Holder.invokeVirtual(java.lang.Object, java.lang.Object, java.lang.Object, java.lang.Object)'> (0x00000000c87725f8) 
thrown [s\src\hotspot\share\interpreter\linkResolver.cpp, line 773]
Event: 22.072 Thread 0x00000294b42b5d30 Exception <a 'java/lang/NoSuchMethodError'{0x00000000c8778420}: 'int java.lang.invoke.DelegatingMethodHandle$Holder.reinvoke_L(java.lang.Object, java.lang.Object, java.lang.Object, java.lang.Object)'> (0x00000000c8778420) 
thrown [s\src\hotspot\share\interpreter\linkResolver.cpp, line 773]
Event: 22.189 Thread 0x00000294b42b5d30 Exception <a 'java/io/FileNotFoundException'{0x00000000c83242d8}> (0x00000000c83242d8) 
thrown [s\src\hotspot\share\prims\jni.cpp, line 520]
Event: 22.255 Thread 0x00000294b42b5d30 Exception <a 'java/lang/NoSuchMethodError'{0x00000000c7f64270}: 'int java.lang.invoke.DirectMethodHandle$Holder.invokeInterface(java.lang.Object, java.lang.Object, java.lang.Object, java.lang.Object)'> (0x00000000c7f64270) 
thrown [s\src\hotspot\share\interpreter\linkResolver.cpp, line 773]
Event: 22.377 Thread 0x00000294b42b5d30 Exception <a 'java/lang/NoSuchMethodError'{0x00000000c7d9e108}: 'long java.lang.invoke.DirectMethodHandle$Holder.invokeVirtual(java.lang.Object, java.lang.Object)'> (0x00000000c7d9e108) 
thrown [s\src\hotspot\share\interpreter\linkResolver.cpp, line 773]

ZGC Phase Switch (0 events):
No events

VM Operations (20 events):
Event: 21.533 Executing VM operation: ICBufferFull
Event: 21.534 Executing VM operation: ICBufferFull done
Event: 22.032 Executing VM operation: G1CollectForAllocation (G1 Evacuation Pause)
Event: 22.045 Executing VM operation: G1CollectForAllocation (G1 Evacuation Pause) done
Event: 22.055 Executing VM operation: HandshakeAllThreads (Deoptimize)
Event: 22.055 Executing VM operation: HandshakeAllThreads (Deoptimize) done
Event: 22.059 Executing VM operation: HandshakeAllThreads (Deoptimize)
Event: 22.059 Executing VM operation: HandshakeAllThreads (Deoptimize) done
Event: 22.109 Executing VM operation: CollectForMetadataAllocation (Metadata GC Threshold)
Event: 22.117 Executing VM operation: CollectForMetadataAllocation (Metadata GC Threshold) done
Event: 22.154 Executing VM operation: G1PauseRemark
Event: 22.161 Executing VM operation: G1PauseRemark done
Event: 22.179 Executing VM operation: G1PauseCleanup
Event: 22.179 Executing VM operation: G1PauseCleanup done
Event: 22.329 Executing VM operation: HandshakeAllThreads (Deoptimize)
Event: 22.329 Executing VM operation: HandshakeAllThreads (Deoptimize) done
Event: 22.330 Executing VM operation: HandshakeAllThreads (Deoptimize)
Event: 22.330 Executing VM operation: HandshakeAllThreads (Deoptimize) done
Event: 22.394 Executing VM operation: HandshakeAllThreads (Deoptimize)
Event: 22.394 Executing VM operation: HandshakeAllThreads (Deoptimize) done

Memory protections (0 events):
No events

Nmethod flushes (20 events):
Event: 22.160 Thread 0x00000294d127d8c0 flushing  nmethod 0x00000294beeea490
Event: 22.160 Thread 0x00000294d127d8c0 flushing  nmethod 0x00000294beeea810
Event: 22.160 Thread 0x00000294d127d8c0 flushing  nmethod 0x00000294beef5990
Event: 22.160 Thread 0x00000294d127d8c0 flushing  nmethod 0x00000294beef8b10
Event: 22.160 Thread 0x00000294d127d8c0 flushing  nmethod 0x00000294beefc790
Event: 22.160 Thread 0x00000294d127d8c0 flushing  nmethod 0x00000294bef20f90
Event: 22.160 Thread 0x00000294d127d8c0 flushing  nmethod 0x00000294bef22d10
Event: 22.160 Thread 0x00000294d127d8c0 flushing  nmethod 0x00000294bef3bb90
Event: 22.160 Thread 0x00000294d127d8c0 flushing  nmethod 0x00000294bef3f010
Event: 22.160 Thread 0x00000294d127d8c0 flushing  nmethod 0x00000294bef48110
Event: 22.160 Thread 0x00000294d127d8c0 flushing  nmethod 0x00000294bef5f210
Event: 22.160 Thread 0x00000294d127d8c0 flushing  nmethod 0x00000294befba810
Event: 22.160 Thread 0x00000294d127d8c0 flushing  nmethod 0x00000294befe1f10
Event: 22.160 Thread 0x00000294d127d8c0 flushing  nmethod 0x00000294beffa910
Event: 22.160 Thread 0x00000294d127d8c0 flushing  nmethod 0x00000294beffde90
Event: 22.160 Thread 0x00000294d127d8c0 flushing  nmethod 0x00000294bf0a4090
Event: 22.160 Thread 0x00000294d127d8c0 flushing  nmethod 0x00000294bf116810
Event: 22.160 Thread 0x00000294d127d8c0 flushing  nmethod 0x00000294bf117d10
Event: 22.160 Thread 0x00000294d127d8c0 flushing  nmethod 0x00000294bf11ca10
Event: 22.160 Thread 0x00000294d127d8c0 flushing  nmethod 0x00000294bf13e010

Events (20 events):
Event: 0.075 Thread 0x00000294b42b5d30 Thread added: 0x00000294d129dc00
Event: 0.075 Thread 0x00000294b42b5d30 Thread added: 0x00000294d12a15d0
Event: 0.075 Thread 0x00000294b42b5d30 Thread added: 0x00000294d12b3980
Event: 0.275 Thread 0x00000294b42b5d30 Thread added: 0x00000294d1512960
Event: 4.262 Thread 0x00000294b42b5d30 Thread added: 0x00000294d187e680
Event: 4.262 Thread 0x00000294b42b5d30 Thread added: 0x00000295174bb360
Event: 8.049 Thread 0x00000294d12b3980 Thread added: 0x00000294d12b1770
Event: 8.809 Thread 0x00000294d12b1770 Thread exited: 0x00000294d12b1770
Event: 17.841 Thread 0x00000294b42b5d30 Thread added: 0x0000029517c60960
Event: 17.852 Thread 0x00000294d12b3980 Thread added: 0x00000294d12b4050
Event: 17.952 Thread 0x00000294b42b5d30 Thread added: 0x0000029517c5fc40
Event: 17.956 Thread 0x0000029517c5fc40 Thread exited: 0x0000029517c5fc40
Event: 18.083 Thread 0x00000294b42b5d30 Thread added: 0x0000029517c5f5b0
Event: 18.387 Thread 0x0000029517c5f5b0 Thread exited: 0x0000029517c5f5b0
Event: 18.891 Thread 0x00000294b42b5d30 Thread added: 0x0000029517c5fc40
Event: 18.952 Thread 0x0000029517c5fc40 Thread exited: 0x0000029517c5fc40
Event: 22.403 Thread 0x00000294b42b5d30 Thread added: 0x0000029517c5f5b0
Event: 22.404 Thread 0x0000029517c5f5b0 Thread added: 0x0000029517c61d10
Event: 22.410 Thread 0x00000294b42b5d30 Thread added: 0x0000029517c623a0
Event: 22.446 Thread 0x00000294b42b5d30 Thread added: 0x0000029517c5fc40


Dynamic libraries:
0x00007ff677ff0000 - 0x00007ff677ffe000 	C:\Users\nerea\.jdks\corretto-21.0.5\bin\java.exe
0x00007ffaf6470000 - 0x00007ffaf6687000 	C:\WINDOWS\SYSTEM32\ntdll.dll
0x00007ffaf4590000 - 0x00007ffaf4654000 	C:\WINDOWS\System32\KERNEL32.DLL
0x00007ffaf3c70000 - 0x00007ffaf4042000 	C:\WINDOWS\System32\KERNELBASE.dll
0x00007ffaf3750000 - 0x00007ffaf3861000 	C:\WINDOWS\System32\ucrtbase.dll
0x00007ffacba60000 - 0x00007ffacba7b000 	C:\Users\nerea\.jdks\corretto-21.0.5\bin\VCRUNTIME140.dll
0x00007ffaddcf0000 - 0x00007ffaddd08000 	C:\Users\nerea\.jdks\corretto-21.0.5\bin\jli.dll
0x00007ffada990000 - 0x00007ffadac2b000 	C:\WINDOWS\WinSxS\amd64_microsoft.windows.common-controls_6595b64144ccf1df_6.0.22621.5547_none_27104afb73855772\COMCTL32.dll
0x00007ffaf4100000 - 0x00007ffaf42b1000 	C:\WINDOWS\System32\USER32.dll
0x00007ffaf4050000 - 0x00007ffaf4076000 	C:\WINDOWS\System32\win32u.dll
0x00007ffaf5af0000 - 0x00007ffaf5b97000 	C:\WINDOWS\System32\msvcrt.dll
0x00007ffaf4660000 - 0x00007ffaf4689000 	C:\WINDOWS\System32\GDI32.dll
0x00007ffaf3b40000 - 0x00007ffaf3c63000 	C:\WINDOWS\System32\gdi32full.dll
0x00007ffaf3930000 - 0x00007ffaf39ca000 	C:\WINDOWS\System32\msvcp_win.dll
0x00007ffaf4910000 - 0x00007ffaf4941000 	C:\WINDOWS\System32\IMM32.DLL
0x00007ffacba50000 - 0x00007ffacba5c000 	C:\Users\nerea\.jdks\corretto-21.0.5\bin\vcruntime140_1.dll
0x00007ffaba7e0000 - 0x00007ffaba86d000 	C:\Users\nerea\.jdks\corretto-21.0.5\bin\msvcp140.dll
0x00007ffa961b0000 - 0x00007ffa96f4d000 	C:\Users\nerea\.jdks\corretto-21.0.5\bin\server\jvm.dll
0x00007ffaf4c60000 - 0x00007ffaf4d11000 	C:\WINDOWS\System32\ADVAPI32.dll
0x00007ffaf5ba0000 - 0x00007ffaf5c48000 	C:\WINDOWS\System32\sechost.dll
0x00007ffaf36a0000 - 0x00007ffaf36c8000 	C:\WINDOWS\System32\bcrypt.dll
0x00007ffaf4780000 - 0x00007ffaf4894000 	C:\WINDOWS\System32\RPCRT4.dll
0x00007ffaf55f0000 - 0x00007ffaf5661000 	C:\WINDOWS\System32\WS2_32.dll
0x00007ffaf2dd0000 - 0x00007ffaf2e1d000 	C:\WINDOWS\SYSTEM32\POWRPROF.dll
0x00007ffae6f90000 - 0x00007ffae6f9a000 	C:\WINDOWS\SYSTEM32\VERSION.dll
0x00007ffae79b0000 - 0x00007ffae79e4000 	C:\WINDOWS\SYSTEM32\WINMM.dll
0x00007ffaf2db0000 - 0x00007ffaf2dc3000 	C:\WINDOWS\SYSTEM32\UMPDC.dll
0x00007ffaf2590000 - 0x00007ffaf25a8000 	C:\WINDOWS\SYSTEM32\kernel.appcore.dll
0x00007ffacba40000 - 0x00007ffacba4a000 	C:\Users\nerea\.jdks\corretto-21.0.5\bin\jimage.dll
0x00007ffaf1100000 - 0x00007ffaf1333000 	C:\WINDOWS\SYSTEM32\DBGHELP.DLL
0x00007ffaf5670000 - 0x00007ffaf5a03000 	C:\WINDOWS\System32\combase.dll
0x00007ffaf4690000 - 0x00007ffaf4767000 	C:\WINDOWS\System32\OLEAUT32.dll
0x00007ffad6580000 - 0x00007ffad65b2000 	C:\WINDOWS\SYSTEM32\dbgcore.DLL
0x00007ffaf4080000 - 0x00007ffaf40fb000 	C:\WINDOWS\System32\bcryptPrimitives.dll
0x00007ffad0f80000 - 0x00007ffad0f8e000 	C:\Users\nerea\.jdks\corretto-21.0.5\bin\instrument.dll
0x00007ffacaf50000 - 0x00007ffacaf6f000 	C:\Users\nerea\.jdks\corretto-21.0.5\bin\java.dll
0x00007ffaf4d40000 - 0x00007ffaf55e2000 	C:\WINDOWS\System32\SHELL32.dll
0x00007ffaf3560000 - 0x00007ffaf369f000 	C:\WINDOWS\System32\wintypes.dll
0x00007ffaf1440000 - 0x00007ffaf1d5d000 	C:\WINDOWS\SYSTEM32\windows.storage.dll
0x00007ffaf4350000 - 0x00007ffaf445c000 	C:\WINDOWS\System32\SHCORE.dll
0x00007ffaf5a10000 - 0x00007ffaf5a79000 	C:\WINDOWS\System32\shlwapi.dll
0x00007ffaf3490000 - 0x00007ffaf34bb000 	C:\WINDOWS\SYSTEM32\profapi.dll
0x00007ffaba700000 - 0x00007ffaba7d7000 	C:\Users\nerea\.jdks\corretto-21.0.5\bin\jsvml.dll
0x00007ffac17b0000 - 0x00007ffac17c8000 	C:\Users\nerea\.jdks\corretto-21.0.5\bin\zip.dll
0x00007ffacafb0000 - 0x00007ffacafc0000 	C:\Users\nerea\.jdks\corretto-21.0.5\bin\net.dll
0x00007ffaeac50000 - 0x00007ffaead7c000 	C:\WINDOWS\SYSTEM32\WINHTTP.dll
0x00007ffaf2a80000 - 0x00007ffaf2ae9000 	C:\WINDOWS\system32\mswsock.dll
0x00007ffacaf30000 - 0x00007ffacaf46000 	C:\Users\nerea\.jdks\corretto-21.0.5\bin\nio.dll
0x00007ffad0d30000 - 0x00007ffad0d4a000 	C:\Program Files\JetBrains\IntelliJ IDEA Community Edition 2023.2.2\bin\breakgen64.dll
0x00007ffac6b70000 - 0x00007ffac6b79000 	C:\Users\nerea\.jdks\corretto-21.0.5\bin\extnet.dll
0x00007ffaf1ff0000 - 0x00007ffaf20e8000 	C:\WINDOWS\SYSTEM32\DNSAPI.dll
0x00007ffaf1fc0000 - 0x00007ffaf1fed000 	C:\WINDOWS\SYSTEM32\IPHLPAPI.DLL
0x00007ffaf4c50000 - 0x00007ffaf4c59000 	C:\WINDOWS\System32\NSI.dll
0x00007ffaeca00000 - 0x00007ffaeca0a000 	C:\Windows\System32\rasadhlp.dll
0x00007ffae6ff0000 - 0x00007ffae7074000 	C:\WINDOWS\System32\fwpuclnt.dll
0x00007ffad1010000 - 0x00007ffad101e000 	C:\Users\nerea\.jdks\corretto-21.0.5\bin\sunmscapi.dll
0x00007ffaf39d0000 - 0x00007ffaf3b37000 	C:\WINDOWS\System32\CRYPT32.dll
0x00007ffaf2f10000 - 0x00007ffaf2f3d000 	C:\WINDOWS\SYSTEM32\ncrypt.dll
0x00007ffaf2ed0000 - 0x00007ffaf2f07000 	C:\WINDOWS\SYSTEM32\NTASN1.dll
0x00007ffaf2cd0000 - 0x00007ffaf2ceb000 	C:\WINDOWS\SYSTEM32\CRYPTSP.dll
0x00007ffaf24f0000 - 0x00007ffaf2527000 	C:\WINDOWS\system32\rsaenh.dll
0x00007ffaf2b70000 - 0x00007ffaf2b98000 	C:\WINDOWS\SYSTEM32\USERENV.dll
0x00007ffaf2cf0000 - 0x00007ffaf2cfc000 	C:\WINDOWS\SYSTEM32\CRYPTBASE.dll
0x00007ffade9c0000 - 0x00007ffade9c9000 	C:\Users\nerea\.jdks\corretto-21.0.5\bin\management.dll
0x00007ffadb920000 - 0x00007ffadb92b000 	C:\Users\nerea\.jdks\corretto-21.0.5\bin\management_ext.dll
0x00007ffaf4510000 - 0x00007ffaf4518000 	C:\WINDOWS\System32\PSAPI.DLL

dbghelp: loaded successfully - version: 4.0.5 - missing functions: none
symbol engine: initialized successfully - sym options: 0x614 - pdb path: .;C:\Users\nerea\.jdks\corretto-21.0.5\bin;C:\WINDOWS\SYSTEM32;C:\WINDOWS\WinSxS\amd64_microsoft.windows.common-controls_6595b64144ccf1df_6.0.22621.5547_none_27104afb73855772;C:\Users\nerea\.jdks\corretto-21.0.5\bin\server;C:\Program Files\JetBrains\IntelliJ IDEA Community Edition 2023.2.2\bin

VM Arguments:
jvm_args: -javaagent:C:\Program Files\JetBrains\IntelliJ IDEA Community Edition 2023.2.2\lib\idea_rt.jar=64570:C:\Program Files\JetBrains\IntelliJ IDEA Community Edition 2023.2.2\bin -Dfile.encoding=UTF-8 -Dsun.stdout.encoding=UTF-8 -Dsun.stderr.encoding=UTF-8 
java_command: com.DigitalMoneyHouse.accountsservice.AccountsServiceApplication
java_class_path (initial): C:\Users\nerea\OneDrive\Documentos\DigitalMoneyDefined\accounts-service\target\classes;C:\Users\nerea\.m2\repository\org\springframework\boot\spring-boot-starter-web\3.2.5\spring-boot-starter-web-3.2.5.jar;C:\Users\nerea\.m2\repository\org\springframework\boot\spring-boot-starter\3.2.5\spring-boot-starter-3.2.5.jar;C:\Users\nerea\.m2\repository\org\springframework\boot\spring-boot\3.2.5\spring-boot-3.2.5.jar;C:\Users\nerea\.m2\repository\org\springframework\boot\spring-boot-autoconfigure\3.2.5\spring-boot-autoconfigure-3.2.5.jar;C:\Users\nerea\.m2\repository\org\springframework\boot\spring-boot-starter-logging\3.2.5\spring-boot-starter-logging-3.2.5.jar;C:\Users\nerea\.m2\repository\ch\qos\logback\logback-classic\1.4.14\logback-classic-1.4.14.jar;C:\Users\nerea\.m2\repository\ch\qos\logback\logback-core\1.4.14\logback-core-1.4.14.jar;C:\Users\nerea\.m2\repository\org\apache\logging\log4j\log4j-to-slf4j\2.21.1\log4j-to-slf4j-2.21.1.jar;C:\Users\nerea\.m2\repository\org\apache\logging\log4j\log4j-api\2.21.1\log4j-api-2.21.1.jar;C:\Users\nerea\.m2\repository\org\slf4j\jul-to-slf4j\2.0.13\jul-to-slf4j-2.0.13.jar;C:\Users\nerea\.m2\repository\jakarta\annotation\jakarta.annotation-api\2.1.1\jakarta.annotation-api-2.1.1.jar;C:\Users\nerea\.m2\repository\org\yaml\snakeyaml\2.2\snakeyaml-2.2.jar;C:\Users\nerea\.m2\repository\org\springframework\boot\spring-boot-starter-json\3.2.5\spring-boot-starter-json-3.2.5.jar;C:\Users\nerea\.m2\repository\com\fasterxml\jackson\datatype\jackson-datatype-jdk8\2.15.4\jackson-datatype-jdk8-2.15.4.jar;C:\Users\nerea\.m2\repository\com\fasterxml\jackson\datatype\jackson-datatype-jsr310\2.15.4\jackson-datatype-jsr310-2.15.4.jar;C:\Users\nerea\.m2\repository\com\fasterxml\jackson\module\jackson-module-parameter-names\2.15.4\jackson-module-parameter-names-2.15.4.jar;C:\Users\nerea\.m2\repository\org\springframework\boot\spring-boot-starter-tomcat\3.2.5\spring-boot-starter-tomcat-3.2.5.jar;C:\Users\nerea\.m2\repository\org\apache\tomcat\embed\tomcat-embed-core\10.1.20\tomcat-embed-core-10.1.20.jar;C:\Users\nerea\.m2\repository\org\apache\tomcat\embed\tomcat-embed-el\10.1.20\tomcat-embed-el-10.1.20.jar;C:\Users\nerea\.m2\repository\org\apache\tomcat\embed\tomcat-embed-websocket\10.1.20\tomcat-embed-websocket-10.1.20.jar;C:\Users\nerea\.m2\repository\org\springframework\spring-web\6.1.6\spring-web-6.1.6.jar;C:\Users\nerea\.m2\repository\org\springframework\spring-beans\6.1.6\spring-beans-6.1.6.jar;C:\Users\nerea\.m2\repository\io\micrometer\micrometer-observation\1.12.5\micrometer-observation-1.12.5.jar;C:\Users\nerea\.m2\repository\io\micrometer\micrometer-commons\1.12.5\micrometer-commons-1.12.5.jar;C:\Users\nerea\.m2\repository\org\springframework\spring-webmvc\6.1.6\spring-webmvc-6.1.6.jar;C:\Users\nerea\.m2\repository\org\springframework\spring-context\6.1.6\spring-context-6.1.6.jar;C:\Users\nerea\.m2\repository\org\springframework\spring-expression\6.1.6\spring-expression-6.1.6.jar;C:\Users\nerea\.m2\repository\org\springframework\boot\spring-boot-starter-data-jpa\3.2.5\spring-boot-starter-data-jpa-3.2.5.jar;C:\Users\nerea\.m2\repository\org\springframework\boot\spring-boot-starter-aop\3.2.5\spring-boot-starter-aop-3.2.5.jar;C:\Users\nerea\.m2\repository\org\aspectj\aspectjweaver\1.9.22\aspectjweaver-1.9.22.jar;C:\Users\nerea\.m2\repository\org\springframework\boot\spring-boot-starter-jdbc\3.2.5\spring-boot-starter-jdbc-3.2.5.jar;C:\Users\nerea\.m2\repository\com\zaxxer\HikariCP\5.0.1\HikariCP-5.0.1.jar;C:\Users\nerea\.m2\repository\org\springframework\spring-jdbc\6.1.6\spring-jdbc-6.1.6.jar;C:\Users\nerea\.m2\repository\org\hibernate\orm\hibernate-core\6.4.4.Final\hibernate-core-6.4.4.Final.jar;C:\Users\nerea\.m2\repository\jakarta\persistence\jakarta.persistence-api\3.1.0\jakarta.persistence-api-3.1.0.jar;C:\Users\nerea\.m2\repository\jakarta\transaction\jakarta.transaction-api\2.0.1\jakarta.transaction-api-2.0.1.jar;C:\Users\nerea\.m2\repository\org\jboss\logging\jboss-logging\3.5.3.Final\jboss-logging-3.5.3.Final.jar;C:\Users\nerea\.m2\repository\org\hibernate\common\hibernate-commons-annotations\6.0.6.Final\hibernate-commons-annotations-6.0.6.Final.jar;C:\Users\nerea\.m2\repository\io\smallrye\jandex\3.1.2\jandex-3.1.2.jar;C:\Users\nerea\.m2\repository\com\fasterxml\classmate\1.6.0\classmate-1.6.0.jar;C:\Users\nerea\.m2\repository\org\glassfish\jaxb\jaxb-runtime\4.0.5\jaxb-runtime-4.0.5.jar;C:\Users\nerea\.m2\repository\org\glassfish\jaxb\jaxb-core\4.0.5\jaxb-core-4.0.5.jar;C:\Users\nerea\.m2\repository\org\eclipse\angus\angus-activation\2.0.2\angus-activation-2.0.2.jar;C:\Users\nerea\.m2\repository\org\glassfish\jaxb\txw2\4.0.5\txw2-4.0.5.jar;C:\Users\nerea\.m2\repository\com\sun\istack\istack-commons-runtime\4.1.2\istack-commons-runtime-4.1.2.jar;C:\Users\nerea\.m2\repository\jakarta\inject\jakarta.inject-api\2.0.1\jakarta.inject-api-2.0.1.jar;C:\Users\nerea\.m2\repository\org\antlr\antlr4-runtime\4.13.0\antlr4-runtime-4.13.0.jar;C:\Users\nerea\.m2\repository\org\springframework\data\spring-data-jpa\3.2.5\spring-data-jpa-3.2.5.jar;C:\Users\nerea\.m2\repository\org\springframework\data\spring-data-commons\3.2.5\spring-data-commons-3.2.5.jar;C:\Users\nerea\.m2\repository\org\springframework\spring-orm\6.1.6\spring-orm-6.1.6.jar;C:\Users\nerea\.m2\repository\org\springframework\spring-tx\6.1.6\spring-tx-6.1.6.jar;C:\Users\nerea\.m2\repository\org\springframework\spring-aspects\6.1.6\spring-aspects-6.1.6.jar;C:\Users\nerea\.m2\repository\org\springframework\boot\spring-boot-starter-oauth2-resource-server\3.2.5\spring-boot-starter-oauth2-resource-server-3.2.5.jar;C:\Users\nerea\.m2\repository\org\springframework\security\spring-security-config\6.2.4\spring-security-config-6.2.4.jar;C:\Users\nerea\.m2\repository\org\springframework\security\spring-security-core\6.2.4\spring-security-core-6.2.4.jar;C:\Users\nerea\.m2\repository\org\springframework\security\spring-security-crypto\6.2.4\spring-security-crypto-6.2.4.jar;C:\Users\nerea\.m2\repository\org\springframework\security\spring-security-oauth2-jose\6.2.4\spring-security-oauth2-jose-6.2.4.jar;C:\Users\nerea\.m2\repository\com\nimbusds\nimbus-jose-jwt\9.24.4\nimbus-jose-jwt-9.24.4.jar;C:\Users\nerea\.m2\repository\com\github\stephenc\jcip\jcip-annotations\1.0-1\jcip-annotations-1.0-1.jar;C:\Users\nerea\.m2\repository\org\springframework\boot\spring-boot-starter-security\3.2.5\spring-boot-starter-security-3.2.5.jar;C:\Users\nerea\.m2\repository\org\springframework\spring-aop\6.1.6\spring-aop-6.1.6.jar;C:\Users\nerea\.m2\repository\org\springframework\security\spring-security-web\6.2.4\spring-security-web-6.2.4.jar;C:\Users\nerea\.m2\repository\org\springframework\cloud\spring-cloud-starter-netflix-eureka-client\4.1.1\spring-cloud-starter-netflix-eureka-client-4.1.1.jar;C:\Users\nerea\.m2\repository\org\springframework\cloud\spring-cloud-starter\4.1.2\spring-cloud-starter-4.1.2.jar;C:\Users\nerea\.m2\repository\org\springframework\cloud\spring-cloud-context\4.1.2\spring-cloud-context-4.1.2.jar;C:\Users\nerea\.m2\repository\org\springframework\security\spring-security-rsa\1.1.2\spring-security-rsa-1.1.2.jar;C:\Users\nerea\.m2\repository\org\bouncycastle\bcprov-jdk18on\1.77\bcprov-jdk18on-1.77.jar;C:\Users\nerea\.m2\repository\org\springframework\cloud\spring-cloud-netflix-eureka-client\4.1.1\spring-cloud-netflix-eureka-client-4.1.1.jar;C:\Users\nerea\.m2\repository\org\apache\httpcomponents\client5\httpclient5\5.2.3\httpclient5-5.2.3.jar;C:\Users\nerea\.m2\repository\org\apache\httpcomponents\core5\httpcore5\5.2.4\httpcore5-5.2.4.jar;C:\Users\nerea\.m2\repository\org\apache\httpcomponents\core5\httpcore5-h2\5.2.4\httpcore5-h2-5.2.4.jar;C:\Users\nerea\.m2\repository\com\netflix\eureka\eureka-client\2.0.2\eureka-client-2.0.2.jar;C:\Users\nerea\.m2\repository\com\netflix\netflix-commons\netflix-eventbus\0.3.0\netflix-eventbus-0.3.0.jar;C:\Users\nerea\.m2\repository\com\netflix\netflix-commons\netflix-infix\0.3.0\netflix-infix-0.3.0.jar;C:\Users\nerea\.m2\repository\commons-jxpath\commons-jxpath\1.3\commons-jxpath-1.3.jar;C:\Users\nerea\.m2\repository\joda-time\joda-time\2.3\joda-time-2.3.jar;C:\Users\nerea\.m2\repository\org\antlr\antlr-runtime\3.4\antlr-runtime-3.4.jar;C:\Users\nerea\.m2\repository\org\antlr\stringtemplate\3.2.1\stringtemplate-3.2.1.jar;C:\Users\nerea\.m2\repository\antlr\antlr\2.7.7\antlr-2.7.7.jar;C:\Users\nerea\.m2\repository\com\google\code\gson\gson\2.10.1\gson-2.10.1.jar;C:\Users\nerea\.m2\repository\org\apache\commons\commons-math\2.2\commons-math-2.2.jar;C:\Users\nerea\.m2\repository\com\thoughtworks\xstream\xstream\1.4.19\xstream-1.4.19.jar;C:\Users\nerea\.m2\repository\io\github\x-stream\mxparser\1.2.2\mxparser-1.2.2.jar;C:\Users\nerea\.m2\repository\xmlpull\xmlpull\1.1.3.1\xmlpull-1.1.3.1.jar;C:\Users\nerea\.m2\repository\jakarta\ws\rs\jakarta.ws.rs-api\3.1.0\jakarta.ws.rs-api-3.1.0.jar;C:\Users\nerea\.m2\repository\com\netflix\servo\servo-core\0.12.21\servo-core-0.12.21.jar;C:\Users\nerea\.m2\repository\com\google\guava\guava\19.0\guava-19.0.jar;C:\Users\nerea\.m2\repository\org\apache\httpcomponents\httpclient\4.5.3\httpclient-4.5.3.jar;C:\Users\nerea\.m2\repository\org\apache\httpcomponents\httpcore\4.4.16\httpcore-4.4.16.jar;C:\Users\nerea\.m2\repository\commons-codec\commons-codec\1.16.1\commons-codec-1.16.1.jar;C:\Users\nerea\.m2\repository\commons-configuration\commons-configuration\1.10\commons-configuration-1.10.jar;C:\Users\nerea\.m2\repository\commons-lang\commons-lang\2.6\commons-lang-2.6.jar;C:\Users\nerea\.m2\repository\com\fasterxml\jackson\core\jackson-annotations\2.15.4\jackson-annotations-2.15.4.jar;C:\Users\nerea\.m2\repository\com\fasterxml\jackson\core\jackson-core\2.15.4\jackson-core-2.15.4.jar;C:\Users\nerea\.m2\repository\org\codehaus\jettison\jettison\1.5.4\jettison-1.5.4.jar;C:\Users\nerea\.m2\repository\com\netflix\eureka\eureka-core\2.0.2\eureka-core-2.0.2.jar;C:\Users\nerea\.m2\repository\com\fasterxml\woodstox\woodstox-core\6.2.1\woodstox-core-6.2.1.jar;C:\Users\nerea\.m2\repository\org\codehaus\woodstox\stax2-api\4.2.1\stax2-api-4.2.1.jar;C:\Users\nerea\.m2\repository\org\springframework\cloud\spring-cloud-starter-loadbalancer\4.1.2\spring-cloud-starter-loadbalancer-4.1.2.jar;C:\Users\nerea\.m2\repository\org\springframework\cloud\spring-cloud-loadbalancer\4.1.2\spring-cloud-loadbalancer-4.1.2.jar;C:\Users\nerea\.m2\repository\io\projectreactor\addons\reactor-extra\3.5.1\reactor-extra-3.5.1.jar;C:\Users\nerea\.m2\repository\org\springframework\boot\spring-boot-starter-cache\3.2.5\spring-boot-starter-cache-3.2.5.jar;C:\Users\nerea\.m2\repository\org\springframework\spring-context-support\6.1.6\spring-context-support-6.1.6.jar;C:\Users\nerea\.m2\repository\com\stoyanr\evictor\1.0.0\evictor-1.0.0.jar;C:\Users\nerea\.m2\repository\org\springframework\cloud\spring-cloud-starter-config\4.1.1\spring-cloud-starter-config-4.1.1.jar;C:\Users\nerea\.m2\repository\org\springframework\cloud\spring-cloud-config-client\4.1.1\spring-cloud-config-client-4.1.1.jar;C:\Users\nerea\.m2\repository\com\fasterxml\jackson\core\jackson-databind\2.15.4\jackson-databind-2.15.4.jar;C:\Users\nerea\.m2\repository\org\springframework\cloud\spring-cloud-starter-openfeign\4.1.1\spring-cloud-starter-openfeign-4.1.1.jar;C:\Users\nerea\.m2\repository\org\springframework\cloud\spring-cloud-openfeign-core\4.1.1\spring-cloud-openfeign-core-4.1.1.jar;C:\Users\nerea\.m2\repository\io\github\openfeign\form\feign-form-spring\3.8.0\feign-form-spring-3.8.0.jar;C:\Users\nerea\.m2\repository\io\github\openfeign\form\feign-form\3.8.0\feign-form-3.8.0.jar;C:\Users\nerea\.m2\repository\commons-fileupload\commons-fileupload\1.5\commons-fileupload-1.5.jar;C:\Users\nerea\.m2\repository\commons-io\commons-io\2.11.0\commons-io-2.11.0.jar;C:\Users\nerea\.m2\repository\org\springframework\cloud\spring-cloud-commons\4.1.2\spring-cloud-commons-4.1.2.jar;C:\Users\nerea\.m2\repository\io\github\openfeign\feign-core\13.2.1\feign-core-13.2.1.jar;C:\Users\nerea\.m2\repository\io\github\openfeign\feign-slf4j\13.2.1\feign-slf4j-13.2.1.jar;C:\Users\nerea\.m2\repository\org\springdoc\springdoc-openapi-starter-webmvc-ui\2.1.0\springdoc-openapi-starter-webmvc-ui-2.1.0.jar;C:\Users\nerea\.m2\repository\org\springdoc\springdoc-openapi-starter-webmvc-api\2.1.0\springdoc-openapi-starter-webmvc-api-2.1.0.jar;C:\Users\nerea\.m2\repository\org\springdoc\springdoc-openapi-starter-common\2.1.0\springdoc-openapi-starter-common-2.1.0.jar;C:\Users\nerea\.m2\repository\io\swagger\core\v3\swagger-core-jakarta\2.2.9\swagger-core-jakarta-2.2.9.jar;C:\Users\nerea\.m2\repository\org\apache\commons\commons-lang3\3.13.0\commons-lang3-3.13.0.jar;C:\Users\nerea\.m2\repository\io\swagger\core\v3\swagger-annotations-jakarta\2.2.9\swagger-annotations-jakarta-2.2.9.jar;C:\Users\nerea\.m2\repository\io\swagger\core\v3\swagger-models-jakarta\2.2.9\swagger-models-jakarta-2.2.9.jar;C:\Users\nerea\.m2\repository\jakarta\validation\jakarta.validation-api\3.0.2\jakarta.validation-api-3.0.2.jar;C:\Users\nerea\.m2\repository\com\fasterxml\jackson\dataformat\jackson-dataformat-yaml\2.15.4\jackson-dataformat-yaml-2.15.4.jar;C:\Users\nerea\.m2\repository\org\webjars\swagger-ui\4.18.2\swagger-ui-4.18.2.jar;C:\Users\nerea\.m2\repository\com\mysql\mysql-connector-j\8.0.33\mysql-connector-j-8.0.33.jar;C:\Users\nerea\.m2\repository\org\modelmapper\modelmapper\2.4.4\modelmapper-2.4.4.jar;C:\Users\nerea\.m2\repository\io\jsonwebtoken\jjwt-api\0.11.5\jjwt-api-0.11.5.jar;C:\Users\nerea\.m2\repository\io\jsonwebtoken\jjwt-impl\0.11.5\jjwt-impl-0.11.5.jar;C:\Users\nerea\.m2\repository\io\jsonwebtoken\jjwt-jackson\0.11.5\jjwt-jackson-0.11.5.jar;C:\Users\nerea\.m2\repository\com\itextpdf\kernel\8.0.2\kernel-8.0.2.jar;C:\Users\nerea\.m2\repository\com\itextpdf\bouncy-castle-connector\8.0.2\bouncy-castle-connector-8.0.2.jar;C:\Users\nerea\.m2\repository\com\itextpdf\io\8.0.2\io-8.0.2.jar;C:\Users\nerea\.m2\repository\com\itextpdf\commons\8.0.2\commons-8.0.2.jar;C:\Users\nerea\.m2\repository\org\slf4j\slf4j-api\2.0.13\slf4j-api-2.0.13.jar;C:\Users\nerea\.m2\repository\com\itextpdf\layout\8.0.2\layout-8.0.2.jar;C:\Users\nerea\.m2\repository\jakarta\xml\bind\jakarta.xml.bind-api\4.0.2\jakarta.xml.bind-api-4.0.2.jar;C:\Users\nerea\.m2\repository\jakarta\activation\jakarta.activation-api\2.1.3\jakarta.activation-api-2.1.3.jar;C:\Users\nerea\.m2\repository\org\springframework\spring-core\6.1.6\spring-core-6.1.6.jar;C:\Users\nerea\.m2\repository\org\springframework\spring-jcl\6.1.6\spring-jcl-6.1.6.jar;C:\Users\nerea\.m2\repository\net\bytebuddy\byte-buddy\1.14.13\byte-buddy-1.14.13.jar;C:\Users\nerea\.m2\repository\org\springframework\boot\spring-boot-starter-webflux\3.2.5\spring-boot-starter-webflux-3.2.5.jar;C:\Users\nerea\.m2\repository\org\springframework\boot\spring-boot-starter-reactor-netty\3.2.5\spring-boot-starter-reactor-netty-3.2.5.jar;C:\Users\nerea\.m2\repository\io\projectreactor\netty\reactor-netty-http\1.1.18\reactor-netty-http-1.1.18.jar;C:\Users\nerea\.m2\repository\io\netty\netty-codec-http\4.1.109.Final\netty-codec-http-4.1.109.Final.jar;C:\Users\nerea\.m2\repository\io\netty\netty-common\4.1.109.Final\netty-common-4.1.109.Final.jar;C:\Users\nerea\.m2\repository\io\netty\netty-buffer\4.1.109.Final\netty-buffer-4.1.109.Final.jar;C:\Users\nerea\.m2\repository\io\netty\netty-transport\4.1.109.Final\netty-transport-4.1.109.Final.jar;C:\Users\nerea\.m2\repository\io\netty\netty-codec\4.1.109.Final\netty-codec-4.1.109.Final.jar;C:\Users\nerea\.m2\repository\io\netty\netty-handler\4.1.109.Final\netty-handler-4.1.109.Final.jar;C:\Users\nerea\.m2\repository\io\netty\netty-codec-http2\4.1.109.Final\netty-codec-http2-4.1.109.Final.jar;C:\Users\nerea\.m2\repository\io\netty\netty-resolver-dns\4.1.109.Final\netty-resolver-dns-4.1.109.Final.jar;C:\Users\nerea\.m2\repository\io\netty\netty-resolver\4.1.109.Final\netty-resolver-4.1.109.Final.jar;C:\Users\nerea\.m2\repository\io\netty\netty-codec-dns\4.1.109.Final\netty-codec-dns-4.1.109.Final.jar;C:\Users\nerea\.m2\repository\io\netty\netty-resolver-dns-native-macos\4.1.109.Final\netty-resolver-dns-native-macos-4.1.109.Final-osx-x86_64.jar;C:\Users\nerea\.m2\repository\io\netty\netty-resolver-dns-classes-macos\4.1.109.Final\netty-resolver-dns-classes-macos-4.1.109.Final.jar;C:\Users\nerea\.m2\repository\io\netty\netty-transport-native-epoll\4.1.109.Final\netty-transport-native-epoll-4.1.109.Final-linux-x86_64.jar;C:\Users\nerea\.m2\repository\io\netty\netty-transport-native-unix-common\4.1.109.Final\netty-transport-native-unix-common-4.1.109.Final.jar;C:\Users\nerea\.m2\repository\io\netty\netty-transport-classes-epoll\4.1.109.Final\netty-transport-classes-epoll-4.1.109.Final.jar;C:\Users\nerea\.m2\repository\io\projectreactor\netty\reactor-netty-core\1.1.18\reactor-netty-core-1.1.18.jar;C:\Users\nerea\.m2\repository\io\netty\netty-handler-proxy\4.1.109.Final\netty-handler-proxy-4.1.109.Final.jar;C:\Users\nerea\.m2\repository\io\netty\netty-codec-socks\4.1.109.Final\netty-codec-socks-4.1.109.Final.jar;C:\Users\nerea\.m2\repository\org\springframework\spring-webflux\6.1.6\spring-webflux-6.1.6.jar;C:\Users\nerea\.m2\repository\io\projectreactor\reactor-core\3.6.5\reactor-core-3.6.5.jar;C:\Users\nerea\.m2\repository\org\reactivestreams\reactive-streams\1.0.4\reactive-streams-1.0.4.jar;C:\Users\nerea\.m2\repository\org\springframework\security\spring-security-oauth2-resource-server\6.2.4\spring-security-oauth2-resource-server-6.2.4.jar;C:\Users\nerea\.m2\repository\org\springframework\security\spring-security-oauth2-core\6.2.4\spring-security-oauth2-core-6.2.4.jar
Launcher Type: SUN_STANDARD

[Global flags]
     intx CICompilerCount                          = 3                                         {product} {ergonomic}
     uint ConcGCThreads                            = 1                                         {product} {ergonomic}
     uint G1ConcRefinementThreads                  = 4                                         {product} {ergonomic}
   size_t G1HeapRegionSize                         = 1048576                                   {product} {ergonomic}
    uintx GCDrainStackTargetSize                   = 64                                        {product} {ergonomic}
   size_t InitialHeapSize                          = 62914560                                  {product} {ergonomic}
   size_t MarkStackSize                            = 4194304                                   {product} {ergonomic}
   size_t MaxHeapSize                              = 994050048                                 {product} {ergonomic}
   size_t MaxNewSize                               = 595591168                                 {product} {ergonomic}
   size_t MinHeapDeltaBytes                        = 1048576                                   {product} {ergonomic}
   size_t MinHeapSize                              = 8388608                                   {product} {ergonomic}
    uintx NonNMethodCodeHeapSize                   = 5832780                                {pd product} {ergonomic}
    uintx NonProfiledCodeHeapSize                  = 122912730                              {pd product} {ergonomic}
    uintx ProfiledCodeHeapSize                     = 122912730                              {pd product} {ergonomic}
    uintx ReservedCodeCacheSize                    = 251658240                              {pd product} {ergonomic}
     bool SegmentedCodeCache                       = true                                      {product} {ergonomic}
   size_t SoftMaxHeapSize                          = 994050048                              {manageable} {ergonomic}
     bool UseCompressedOops                        = true                           {product lp64_product} {ergonomic}
     bool UseG1GC                                  = true                                      {product} {ergonomic}
     bool UseLargePagesIndividualAllocation        = false                                  {pd product} {ergonomic}

Logging:
Log output configuration:
 #0: stdout all=warning uptime,level,tags foldmultilines=false
 #1: stderr all=off uptime,level,tags foldmultilines=false

Environment Variables:
PATH=C:\Program Files\Common Files\Oracle\Java\javapath;C:\WINDOWS\system32;C:\WINDOWS;C:\WINDOWS\System32\Wbem;C:\WINDOWS\System32\WindowsPowerShell\v1.0\;C:\WINDOWS\System32\OpenSSH\;C:\Program Files\nodejs\;C:\Program Files\Git\cmd;C:\Program Files\MySQL\MySQL Utilities 1.6\;C:\Program Files\Docker\Docker\resources\bin;C:\Users\nerea\AppData\Local\Microsoft\WindowsApps;;C:\Users\nerea\AppData\Local\Programs\Microsoft VS Code\bin;C:\Users\nerea\AppData\Roaming\npm;C:\Program Files\JetBrains\IntelliJ IDEA 2023.2\bin;
USERNAME=nerea
OS=Windows_NT
PROCESSOR_IDENTIFIER=Intel64 Family 6 Model 140 Stepping 1, GenuineIntel
TMP=C:\Users\nerea\AppData\Local\Temp
TEMP=C:\Users\nerea\AppData\Local\Temp




Periodic native trim disabled

---------------  S Y S T E M  ---------------

OS:
 Windows 11 , 64 bit Build 22621 (10.0.22621.5415)
OS uptime: 4 days 3:00 hours
Hyper-V role detected

CPU: total 4 (initial active 4) (2 cores per cpu, 2 threads per core) family 6 model 140 stepping 1 microcode 0x86, cx8, cmov, fxsr, ht, mmx, 3dnowpref, sse, sse2, sse3, ssse3, sse4.1, sse4.2, popcnt, lzcnt, tsc, tscinvbit, avx, avx2, aes, erms, clmul, bmi1, bmi2, adx, avx512f, avx512dq, avx512cd, avx512bw, avx512vl, sha, fma, vzeroupper, avx512_vpopcntdq, avx512_vpclmulqdq, avx512_vaes, avx512_vnni, clflush, clflushopt, clwb, avx512_vbmi2, avx512_vbmi, hv, rdtscp, rdpid, fsrm, gfni, avx512_bitalg, f16c, cet_ibt, cet_ss, avx512_ifma
Processor Information for all 4 processors :
  Max Mhz: 2995, Current Mhz: 2995, Mhz Limit: 2995

Memory: 4k page, system-wide physical 3790M (207M free)
TotalPageFile size 15566M (AvailPageFile size 5M)
current process WorkingSet (physical memory assigned to process): 204M, peak: 206M
current process commit charge ("private bytes"): 235M, peak: 238M

vm_info: OpenJDK 64-Bit Server VM (21.0.5+11-LTS) for windows-amd64 JRE (21.0.5+11-LTS), built on 2024-10-11T20:58:34Z by "Administrator" with MS VC++ 16.10 / 16.11 (VS2019)

END.
