#
# There is insufficient memory for the Java Runtime Environment to continue.
# Native memory allocation (malloc) failed to allocate 32744 bytes. Error detail: Chunk::new
# Possible reasons:
#   The system is out of physical RAM or swap space
#   This process is running with CompressedOops enabled, and the Java Heap may be blocking the growth of the native heap
# Possible solutions:
#   Reduce memory load on the system
#   Increase physical memory or swap space
#   Check if swap backing store is full
#   Decrease Java heap size (-Xmx/-Xms)
#   Decrease number of Java threads
#   Decrease Java thread stack sizes (-Xss)
#   Set larger code cache with -XX:ReservedCodeCacheSize=
#   JVM is running with Unscaled Compressed Oops mode in which the Java heap is
#     placed in the first 4GB address space. The Java Heap base address is the
#     maximum limit for the native heap growth. Please use -XX:HeapBaseMinAddress
#     to set the Java Heap base and to place the Java Heap above 4GB virtual address.
# This output file may be truncated or incomplete.
#
#  Out of Memory Error (arena.cpp:168), pid=7220, tid=9756
#
# JRE version: OpenJDK Runtime Environment Corretto-21.0.5.11.1 (21.0.5+11) (build 21.0.5+11-LTS)
# Java VM: OpenJDK 64-Bit Server VM Corretto-21.0.5.11.1 (21.0.5+11-LTS, mixed mode, sharing, tiered, compressed oops, compressed class ptrs, g1 gc, windows-amd64)
# No core dump will be written. Minidumps are not enabled by default on client versions of Windows
#

---------------  S U M M A R Y ------------

Command Line: -javaagent:C:\Program Files\JetBrains\IntelliJ IDEA Community Edition 2023.2.2\lib\idea_rt.jar=64069:C:\Program Files\JetBrains\IntelliJ IDEA Community Edition 2023.2.2\bin -Dfile.encoding=UTF-8 -Dsun.stdout.encoding=UTF-8 -Dsun.stderr.encoding=UTF-8 com.example.userservice.UserServiceApplication

Host: 11th Gen Intel(R) Core(TM) i3-1115G4 @ 3.00GHz, 4 cores, 3G,  Windows 11 , 64 bit Build 22621 (10.0.22621.5415)
Time: Sun Aug 31 20:05:21 2025 Hora estándar de Argentina elapsed time: 361.898562 seconds (0d 0h 6m 1s)

---------------  T H R E A D  ---------------

Current thread (0x0000016564733230):  JavaThread "C2 CompilerThread0" daemon [_thread_in_native, id=9756, stack(0x0000001fd0400000,0x0000001fd0500000) (1024K)]


Current CompileTask:
C2:361899 9035       4       com.fasterxml.jackson.core.json.UTF8StreamJsonParser::_finishAndReturnString (137 bytes)

Stack: [0x0000001fd0400000,0x0000001fd0500000]
Native frames: (J=compiled Java code, j=interpreted, Vv=VM code, C=native code)
V  [jvm.dll+0x6d9b69]
V  [jvm.dll+0x8b6073]
V  [jvm.dll+0x8b83ce]
V  [jvm.dll+0x8b8ab3]
V  [jvm.dll+0x286226]
V  [jvm.dll+0xc65ed]
V  [jvm.dll+0xc6b23]
V  [jvm.dll+0x6012f3]
V  [jvm.dll+0x2576c2]
V  [jvm.dll+0x24fb94]
V  [jvm.dll+0x24da8e]
V  [jvm.dll+0x1cc3c4]
V  [jvm.dll+0x25d249]
V  [jvm.dll+0x25b7fb]
V  [jvm.dll+0x3fab46]
V  [jvm.dll+0x85ed68]
V  [jvm.dll+0x6d836d]
C  [ucrtbase.dll+0x29333]
C  [KERNEL32.DLL+0x1259d]
C  [ntdll.dll+0x5af78]


---------------  P R O C E S S  ---------------

Threads class SMR info:
_java_thread_list=0x000001656d9962a0, length=38, elements={
0x00000165647298b0, 0x000001656472aa60, 0x000001656472cac0, 0x000001656472fe20,
0x0000016564730960, 0x00000165647314a0, 0x0000016564733230, 0x0000016564735870,
0x0000016564a4c860, 0x00000165691055a0, 0x0000016569105c00, 0x000001656ae1fe20,
0x000001656c68d5c0, 0x0000016569da7f70, 0x000001656c655000, 0x000001656a3a9aa0,
0x000001656a3a86f0, 0x000001656a3aa7c0, 0x000001656a3a8d80, 0x000001656a3aae50,
0x000001656a3a9410, 0x000001656a3aa130, 0x000001656a3ab4e0, 0x000001656a3a8060,
0x00000165726fa850, 0x00000165726f66b0, 0x00000165726f4c70, 0x00000165726f45e0,
0x00000165726f73d0, 0x00000165726f9b30, 0x00000165726f5300, 0x00000165726f6d40,
0x00000165726fa1c0, 0x00000165726faee0, 0x00000165726f5990, 0x00000165726f7a60,
0x00000165726f6020, 0x00000165726f80f0
}

Java Threads: ( => current thread )
  0x00000165647298b0 JavaThread "Reference Handler"          daemon [_thread_blocked, id=5124, stack(0x0000001fcfe00000,0x0000001fcff00000) (1024K)]
  0x000001656472aa60 JavaThread "Finalizer"                  daemon [_thread_blocked, id=15696, stack(0x0000001fcff00000,0x0000001fd0000000) (1024K)]
  0x000001656472cac0 JavaThread "Signal Dispatcher"          daemon [_thread_blocked, id=15748, stack(0x0000001fd0000000,0x0000001fd0100000) (1024K)]
  0x000001656472fe20 JavaThread "Attach Listener"            daemon [_thread_blocked, id=1236, stack(0x0000001fd0100000,0x0000001fd0200000) (1024K)]
  0x0000016564730960 JavaThread "Service Thread"             daemon [_thread_blocked, id=13788, stack(0x0000001fd0200000,0x0000001fd0300000) (1024K)]
  0x00000165647314a0 JavaThread "Monitor Deflation Thread"   daemon [_thread_blocked, id=260, stack(0x0000001fd0300000,0x0000001fd0400000) (1024K)]
=>0x0000016564733230 JavaThread "C2 CompilerThread0"         daemon [_thread_in_native, id=9756, stack(0x0000001fd0400000,0x0000001fd0500000) (1024K)]
  0x0000016564735870 JavaThread "C1 CompilerThread0"         daemon [_thread_blocked, id=7552, stack(0x0000001fd0500000,0x0000001fd0600000) (1024K)]
  0x0000016564a4c860 JavaThread "Common-Cleaner"             daemon [_thread_blocked, id=2488, stack(0x0000001fd0600000,0x0000001fd0700000) (1024K)]
  0x00000165691055a0 JavaThread "Monitor Ctrl-Break"         daemon [_thread_in_native, id=5396, stack(0x0000001fd0700000,0x0000001fd0800000) (1024K)]
  0x0000016569105c00 JavaThread "Notification Thread"        daemon [_thread_blocked, id=7436, stack(0x0000001fd0800000,0x0000001fd0900000) (1024K)]
  0x000001656ae1fe20 JavaThread "Catalina-utility-1"                [_thread_blocked, id=8484, stack(0x0000001fd0e00000,0x0000001fd0f00000) (1024K)]
  0x000001656c68d5c0 JavaThread "Catalina-utility-2"                [_thread_blocked, id=4152, stack(0x0000001fd0f00000,0x0000001fd1000000) (1024K)]
  0x0000016569da7f70 JavaThread "container-0"                       [_thread_blocked, id=13440, stack(0x0000001fd1000000,0x0000001fd1100000) (1024K)]
  0x000001656c655000 JavaThread "mysql-cj-abandoned-connection-cleanup" daemon [_thread_blocked, id=10064, stack(0x0000001fd1100000,0x0000001fd1200000) (1024K)]
  0x000001656a3a9aa0 JavaThread "HikariPool-1 housekeeper"   daemon [_thread_blocked, id=4404, stack(0x0000001fd1200000,0x0000001fd1300000) (1024K)]
  0x000001656a3a86f0 JavaThread "spring.cloud.inetutils"     daemon [_thread_blocked, id=8068, stack(0x0000001fd1400000,0x0000001fd1500000) (1024K)]
  0x000001656a3aa7c0 JavaThread "spectator-gauge-polling-0"  daemon [_thread_blocked, id=12752, stack(0x0000001fd1500000,0x0000001fd1600000) (1024K)]
  0x000001656a3a8d80 JavaThread "AsyncResolver-bootstrap-%d" daemon [_thread_blocked, id=4068, stack(0x0000001fd1300000,0x0000001fd1400000) (1024K)]
  0x000001656a3aae50 JavaThread "DiscoveryClient-%d"         daemon [_thread_blocked, id=13704, stack(0x0000001fd1600000,0x0000001fd1700000) (1024K)]
  0x000001656a3a9410 JavaThread "DiscoveryClient-%d"         daemon [_thread_blocked, id=11180, stack(0x0000001fd1700000,0x0000001fd1800000) (1024K)]
  0x000001656a3aa130 JavaThread "DiscoveryClient-InstanceInfoReplicator-%d" daemon [_thread_blocked, id=8812, stack(0x0000001fd1800000,0x0000001fd1900000) (1024K)]
  0x000001656a3ab4e0 JavaThread "http-nio-8087-exec-1"       daemon [_thread_blocked, id=14280, stack(0x0000001fd1900000,0x0000001fd1a00000) (1024K)]
  0x000001656a3a8060 JavaThread "http-nio-8087-exec-2"       daemon [_thread_blocked, id=15552, stack(0x0000001fd1a00000,0x0000001fd1b00000) (1024K)]
  0x00000165726fa850 JavaThread "http-nio-8087-exec-3"       daemon [_thread_blocked, id=6608, stack(0x0000001fd1b00000,0x0000001fd1c00000) (1024K)]
  0x00000165726f66b0 JavaThread "http-nio-8087-exec-4"       daemon [_thread_blocked, id=1116, stack(0x0000001fd1c00000,0x0000001fd1d00000) (1024K)]
  0x00000165726f4c70 JavaThread "http-nio-8087-exec-5"       daemon [_thread_blocked, id=6992, stack(0x0000001fd1d00000,0x0000001fd1e00000) (1024K)]
  0x00000165726f45e0 JavaThread "http-nio-8087-exec-6"       daemon [_thread_blocked, id=7800, stack(0x0000001fd1e00000,0x0000001fd1f00000) (1024K)]
  0x00000165726f73d0 JavaThread "http-nio-8087-exec-7"       daemon [_thread_blocked, id=15056, stack(0x0000001fd1f00000,0x0000001fd2000000) (1024K)]
  0x00000165726f9b30 JavaThread "http-nio-8087-exec-8"       daemon [_thread_blocked, id=8880, stack(0x0000001fd2000000,0x0000001fd2100000) (1024K)]
  0x00000165726f5300 JavaThread "http-nio-8087-exec-9"       daemon [_thread_blocked, id=2380, stack(0x0000001fd2100000,0x0000001fd2200000) (1024K)]
  0x00000165726f6d40 JavaThread "http-nio-8087-exec-10"      daemon [_thread_blocked, id=10116, stack(0x0000001fd2200000,0x0000001fd2300000) (1024K)]
  0x00000165726fa1c0 JavaThread "http-nio-8087-Poller"       daemon [_thread_in_native, id=10624, stack(0x0000001fd2300000,0x0000001fd2400000) (1024K)]
  0x00000165726faee0 JavaThread "http-nio-8087-Acceptor"     daemon [_thread_in_native, id=16020, stack(0x0000001fd2400000,0x0000001fd2500000) (1024K)]
  0x00000165726f5990 JavaThread "DestroyJavaVM"                     [_thread_blocked, id=14140, stack(0x0000001fcf600000,0x0000001fcf700000) (1024K)]
  0x00000165726f7a60 JavaThread "DiscoveryClient-HeartbeatExecutor-%d" daemon [_thread_blocked, id=5504, stack(0x0000001fd2600000,0x0000001fd2700000) (1024K)]
  0x00000165726f6020 JavaThread "DiscoveryClient-CacheRefreshExecutor-%d" daemon [_thread_blocked, id=16048, stack(0x0000001fd2700000,0x0000001fd2800000) (1024K)]
  0x00000165726f80f0 JavaThread "AsyncResolver-bootstrap-executor-%d" daemon [_thread_blocked, id=15596, stack(0x0000001fcf500000,0x0000001fcf600000) (1024K)]
Total: 38

Other Threads:
  0x00000165647125e0 VMThread "VM Thread"                           [id=2988, stack(0x0000001fcfd00000,0x0000001fcfe00000) (1024K)]
  0x0000016564701260 WatcherThread "VM Periodic Task Thread"        [id=14040, stack(0x0000001fcfc00000,0x0000001fcfd00000) (1024K)]
  0x0000016549a498e0 WorkerThread "GC Thread#0"                     [id=2884, stack(0x0000001fcf700000,0x0000001fcf800000) (1024K)]
  0x00000165694ef420 WorkerThread "GC Thread#1"                     [id=13780, stack(0x0000001fd0900000,0x0000001fd0a00000) (1024K)]
  0x0000016569527600 WorkerThread "GC Thread#2"                     [id=14736, stack(0x0000001fd0a00000,0x0000001fd0b00000) (1024K)]
  0x00000165695279a0 WorkerThread "GC Thread#3"                     [id=13764, stack(0x0000001fd0b00000,0x0000001fd0c00000) (1024K)]
  0x0000016549a53f50 ConcurrentGCThread "G1 Main Marker"            [id=15880, stack(0x0000001fcf800000,0x0000001fcf900000) (1024K)]
  0x0000016549a54a50 WorkerThread "G1 Conc#0"                       [id=12996, stack(0x0000001fcf900000,0x0000001fcfa00000) (1024K)]
  0x0000016549aac4e0 ConcurrentGCThread "G1 Refine#0"               [id=2388, stack(0x0000001fcfa00000,0x0000001fcfb00000) (1024K)]
  0x0000016549aad200 ConcurrentGCThread "G1 Service"                [id=3420, stack(0x0000001fcfb00000,0x0000001fcfc00000) (1024K)]
Total: 10

Threads with active compile tasks:
C2 CompilerThread0  362536 9035       4       com.fasterxml.jackson.core.json.UTF8StreamJsonParser::_finishAndReturnString (137 bytes)
Total: 1

VM state: not at safepoint (normal execution)

VM Mutex/Monitor currently owned by a thread: None

Heap address: 0x00000000c4c00000, size: 948 MB, Compressed Oops mode: 32-bit

CDS archive(s) mapped at: [0x0000016500000000-0x0000016500c80000-0x0000016500c80000), size 13107200, SharedBaseAddress: 0x0000016500000000, ArchiveRelocationMode: 1.
Compressed class space mapped at: 0x0000016501000000-0x0000016541000000, reserved size: 1073741824
Narrow klass base: 0x0000016500000000, Narrow klass shift: 0, Narrow klass range: 0x100000000

GC Precious Log:
 CardTable entry size: 512
 Card Set container configuration: InlinePtr #cards 5 size 8 Array Of Cards #cards 12 size 40 Howl #buckets 4 coarsen threshold 1843 Howl Bitmap #cards 512 size 80 coarsen threshold 460 Card regions per heap region 1 cards per card region 2048
 CPUs: 4 total, 4 available
 Memory: 3790M
 Large Page Support: Disabled
 NUMA Support: Disabled
 Compressed Oops: Enabled (32-bit)
 Heap Region Size: 1M
 Heap Min Capacity: 8M
 Heap Initial Capacity: 60M
 Heap Max Capacity: 948M
 Pre-touch: Disabled
 Parallel Workers: 4
 Concurrent Workers: 1
 Concurrent Refinement Workers: 4
 Periodic GC: Disabled

Heap:
 garbage-first heap   total 80896K, used 52668K [0x00000000c4c00000, 0x0000000100000000)
  region size 1024K, 6 young (6144K), 3 survivors (3072K)
 Metaspace       used 92975K, committed 93888K, reserved 1179648K
  class space    used 12651K, committed 13056K, reserved 1048576K

Heap Regions: E=young(eden), S=young(survivor), O=old, HS=humongous(starts), HC=humongous(continues), CS=collection set, F=free, TAMS=top-at-mark-start, PB=parsable bottom
|   0|0x00000000c4c00000, 0x00000000c4d00000, 0x00000000c4d00000|100%|HS|  |TAMS 0x00000000c4c00000| PB 0x00000000c4c00000| Complete 
|   1|0x00000000c4d00000, 0x00000000c4e00000, 0x00000000c4e00000|100%|HS|  |TAMS 0x00000000c4d00000| PB 0x00000000c4d00000| Complete 
|   2|0x00000000c4e00000, 0x00000000c4f00000, 0x00000000c4f00000|100%| O|  |TAMS 0x00000000c4e00000| PB 0x00000000c4e00000| Untracked 
|   3|0x00000000c4f00000, 0x00000000c5000000, 0x00000000c5000000|100%| O|  |TAMS 0x00000000c4f00000| PB 0x00000000c4f00000| Untracked 
|   4|0x00000000c5000000, 0x00000000c5100000, 0x00000000c5100000|100%| O|  |TAMS 0x00000000c5000000| PB 0x00000000c5000000| Untracked 
|   5|0x00000000c5100000, 0x00000000c5200000, 0x00000000c5200000|100%| O|  |TAMS 0x00000000c5100000| PB 0x00000000c5100000| Untracked 
|   6|0x00000000c5200000, 0x00000000c5300000, 0x00000000c5300000|100%| O|  |TAMS 0x00000000c5200000| PB 0x00000000c5200000| Untracked 
|   7|0x00000000c5300000, 0x00000000c5400000, 0x00000000c5400000|100%| O|  |TAMS 0x00000000c5300000| PB 0x00000000c5300000| Untracked 
|   8|0x00000000c5400000, 0x00000000c5500000, 0x00000000c5500000|100%| O|  |TAMS 0x00000000c5400000| PB 0x00000000c5400000| Untracked 
|   9|0x00000000c5500000, 0x00000000c5600000, 0x00000000c5600000|100%| O|  |TAMS 0x00000000c5500000| PB 0x00000000c5500000| Untracked 
|  10|0x00000000c5600000, 0x00000000c5700000, 0x00000000c5700000|100%| O|  |TAMS 0x00000000c5600000| PB 0x00000000c5600000| Untracked 
|  11|0x00000000c5700000, 0x00000000c5800000, 0x00000000c5800000|100%| O|  |TAMS 0x00000000c5700000| PB 0x00000000c5700000| Untracked 
|  12|0x00000000c5800000, 0x00000000c5900000, 0x00000000c5900000|100%| O|  |TAMS 0x00000000c5800000| PB 0x00000000c5800000| Untracked 
|  13|0x00000000c5900000, 0x00000000c5a00000, 0x00000000c5a00000|100%| O|  |TAMS 0x00000000c5900000| PB 0x00000000c5900000| Untracked 
|  14|0x00000000c5a00000, 0x00000000c5b00000, 0x00000000c5b00000|100%| O|  |TAMS 0x00000000c5a00000| PB 0x00000000c5a00000| Untracked 
|  15|0x00000000c5b00000, 0x00000000c5c00000, 0x00000000c5c00000|100%| O|  |TAMS 0x00000000c5b00000| PB 0x00000000c5b00000| Untracked 
|  16|0x00000000c5c00000, 0x00000000c5d00000, 0x00000000c5d00000|100%| O|  |TAMS 0x00000000c5c00000| PB 0x00000000c5c00000| Untracked 
|  17|0x00000000c5d00000, 0x00000000c5e00000, 0x00000000c5e00000|100%| O|  |TAMS 0x00000000c5d00000| PB 0x00000000c5d00000| Untracked 
|  18|0x00000000c5e00000, 0x00000000c5f00000, 0x00000000c5f00000|100%| O|  |TAMS 0x00000000c5e00000| PB 0x00000000c5e00000| Untracked 
|  19|0x00000000c5f00000, 0x00000000c6000000, 0x00000000c6000000|100%| O|  |TAMS 0x00000000c5f00000| PB 0x00000000c5f00000| Untracked 
|  20|0x00000000c6000000, 0x00000000c6100000, 0x00000000c6100000|100%| O|  |TAMS 0x00000000c6000000| PB 0x00000000c6000000| Untracked 
|  21|0x00000000c6100000, 0x00000000c6200000, 0x00000000c6200000|100%| O|  |TAMS 0x00000000c6100000| PB 0x00000000c6100000| Untracked 
|  22|0x00000000c6200000, 0x00000000c6200000, 0x00000000c6300000|  0%| F|  |TAMS 0x00000000c6200000| PB 0x00000000c6200000| Untracked 
|  23|0x00000000c6300000, 0x00000000c6400000, 0x00000000c6400000|100%| O|  |TAMS 0x00000000c6300000| PB 0x00000000c6300000| Untracked 
|  24|0x00000000c6400000, 0x00000000c6500000, 0x00000000c6500000|100%| O|  |TAMS 0x00000000c6400000| PB 0x00000000c6400000| Untracked 
|  25|0x00000000c6500000, 0x00000000c6600000, 0x00000000c6600000|100%| O|  |TAMS 0x00000000c6500000| PB 0x00000000c6500000| Untracked 
|  26|0x00000000c6600000, 0x00000000c6700000, 0x00000000c6700000|100%| O|  |TAMS 0x00000000c6600000| PB 0x00000000c6600000| Untracked 
|  27|0x00000000c6700000, 0x00000000c6800000, 0x00000000c6800000|100%| O|  |TAMS 0x00000000c6700000| PB 0x00000000c6700000| Untracked 
|  28|0x00000000c6800000, 0x00000000c6900000, 0x00000000c6900000|100%| O|  |TAMS 0x00000000c6800000| PB 0x00000000c6800000| Untracked 
|  29|0x00000000c6900000, 0x00000000c6a00000, 0x00000000c6a00000|100%| O|  |TAMS 0x00000000c6900000| PB 0x00000000c6900000| Untracked 
|  30|0x00000000c6a00000, 0x00000000c6b00000, 0x00000000c6b00000|100%| O|  |TAMS 0x00000000c6a00000| PB 0x00000000c6a00000| Untracked 
|  31|0x00000000c6b00000, 0x00000000c6c00000, 0x00000000c6c00000|100%| O|  |TAMS 0x00000000c6b00000| PB 0x00000000c6b00000| Untracked 
|  32|0x00000000c6c00000, 0x00000000c6d00000, 0x00000000c6d00000|100%| O|  |TAMS 0x00000000c6c00000| PB 0x00000000c6c00000| Untracked 
|  33|0x00000000c6d00000, 0x00000000c6e00000, 0x00000000c6e00000|100%| O|  |TAMS 0x00000000c6d00000| PB 0x00000000c6d00000| Untracked 
|  34|0x00000000c6e00000, 0x00000000c6f00000, 0x00000000c6f00000|100%| O|  |TAMS 0x00000000c6e00000| PB 0x00000000c6e00000| Untracked 
|  35|0x00000000c6f00000, 0x00000000c7000000, 0x00000000c7000000|100%| O|  |TAMS 0x00000000c6f00000| PB 0x00000000c6f00000| Untracked 
|  36|0x00000000c7000000, 0x00000000c7100000, 0x00000000c7100000|100%| O|  |TAMS 0x00000000c7000000| PB 0x00000000c7000000| Untracked 
|  37|0x00000000c7100000, 0x00000000c7200000, 0x00000000c7200000|100%| O|  |TAMS 0x00000000c7100000| PB 0x00000000c7100000| Untracked 
|  38|0x00000000c7200000, 0x00000000c7300000, 0x00000000c7300000|100%| O|  |TAMS 0x00000000c7200000| PB 0x00000000c7200000| Untracked 
|  39|0x00000000c7300000, 0x00000000c7300000, 0x00000000c7400000|  0%| F|  |TAMS 0x00000000c7300000| PB 0x00000000c7300000| Untracked 
|  40|0x00000000c7400000, 0x00000000c7500000, 0x00000000c7500000|100%| O|  |TAMS 0x00000000c7400000| PB 0x00000000c7400000| Untracked 
|  41|0x00000000c7500000, 0x00000000c7600000, 0x00000000c7600000|100%| O|  |TAMS 0x00000000c7500000| PB 0x00000000c7500000| Untracked 
|  42|0x00000000c7600000, 0x00000000c7700000, 0x00000000c7700000|100%| O|  |TAMS 0x00000000c7600000| PB 0x00000000c7600000| Untracked 
|  43|0x00000000c7700000, 0x00000000c7800000, 0x00000000c7800000|100%| O|  |TAMS 0x00000000c7700000| PB 0x00000000c7700000| Untracked 
|  44|0x00000000c7800000, 0x00000000c7900000, 0x00000000c7900000|100%| O|  |TAMS 0x00000000c7800000| PB 0x00000000c7800000| Untracked 
|  45|0x00000000c7900000, 0x00000000c7a00000, 0x00000000c7a00000|100%| O|  |TAMS 0x00000000c7900000| PB 0x00000000c7900000| Untracked 
|  46|0x00000000c7a00000, 0x00000000c7b00000, 0x00000000c7b00000|100%| O|  |TAMS 0x00000000c7a00000| PB 0x00000000c7a00000| Untracked 
|  47|0x00000000c7b00000, 0x00000000c7c00000, 0x00000000c7c00000|100%| O|  |TAMS 0x00000000c7b00000| PB 0x00000000c7b00000| Untracked 
|  48|0x00000000c7c00000, 0x00000000c7d00000, 0x00000000c7d00000|100%| O|  |TAMS 0x00000000c7c00000| PB 0x00000000c7c00000| Untracked 
|  49|0x00000000c7d00000, 0x00000000c7d39020, 0x00000000c7e00000| 22%| O|  |TAMS 0x00000000c7d00000| PB 0x00000000c7d00000| Untracked 
|  50|0x00000000c7e00000, 0x00000000c7e00000, 0x00000000c7f00000|  0%| F|  |TAMS 0x00000000c7e00000| PB 0x00000000c7e00000| Untracked 
|  51|0x00000000c7f00000, 0x00000000c7f00000, 0x00000000c8000000|  0%| F|  |TAMS 0x00000000c7f00000| PB 0x00000000c7f00000| Untracked 
|  52|0x00000000c8000000, 0x00000000c8036330, 0x00000000c8100000| 21%| S|CS|TAMS 0x00000000c8000000| PB 0x00000000c8000000| Complete 
|  53|0x00000000c8100000, 0x00000000c8200000, 0x00000000c8200000|100%| S|CS|TAMS 0x00000000c8100000| PB 0x00000000c8100000| Complete 
|  54|0x00000000c8200000, 0x00000000c8300000, 0x00000000c8300000|100%| S|CS|TAMS 0x00000000c8200000| PB 0x00000000c8200000| Complete 
|  55|0x00000000c8300000, 0x00000000c8300000, 0x00000000c8400000|  0%| F|  |TAMS 0x00000000c8300000| PB 0x00000000c8300000| Untracked 
|  56|0x00000000c8400000, 0x00000000c8400000, 0x00000000c8500000|  0%| F|  |TAMS 0x00000000c8400000| PB 0x00000000c8400000| Untracked 
|  57|0x00000000c8500000, 0x00000000c8500000, 0x00000000c8600000|  0%| F|  |TAMS 0x00000000c8500000| PB 0x00000000c8500000| Untracked 
|  58|0x00000000c8600000, 0x00000000c8600000, 0x00000000c8700000|  0%| F|  |TAMS 0x00000000c8600000| PB 0x00000000c8600000| Untracked 
|  59|0x00000000c8700000, 0x00000000c8700000, 0x00000000c8800000|  0%| F|  |TAMS 0x00000000c8700000| PB 0x00000000c8700000| Untracked 
|  60|0x00000000c8800000, 0x00000000c8800000, 0x00000000c8900000|  0%| F|  |TAMS 0x00000000c8800000| PB 0x00000000c8800000| Untracked 
|  61|0x00000000c8900000, 0x00000000c8900000, 0x00000000c8a00000|  0%| F|  |TAMS 0x00000000c8900000| PB 0x00000000c8900000| Untracked 
|  62|0x00000000c8a00000, 0x00000000c8a00000, 0x00000000c8b00000|  0%| F|  |TAMS 0x00000000c8a00000| PB 0x00000000c8a00000| Untracked 
|  63|0x00000000c8b00000, 0x00000000c8b00000, 0x00000000c8c00000|  0%| F|  |TAMS 0x00000000c8b00000| PB 0x00000000c8b00000| Untracked 
|  64|0x00000000c8c00000, 0x00000000c8c00000, 0x00000000c8d00000|  0%| F|  |TAMS 0x00000000c8c00000| PB 0x00000000c8c00000| Untracked 
|  65|0x00000000c8d00000, 0x00000000c8d00000, 0x00000000c8e00000|  0%| F|  |TAMS 0x00000000c8d00000| PB 0x00000000c8d00000| Untracked 
|  66|0x00000000c8e00000, 0x00000000c8e00000, 0x00000000c8f00000|  0%| F|  |TAMS 0x00000000c8e00000| PB 0x00000000c8e00000| Untracked 
|  67|0x00000000c8f00000, 0x00000000c8f00000, 0x00000000c9000000|  0%| F|  |TAMS 0x00000000c8f00000| PB 0x00000000c8f00000| Untracked 
|  68|0x00000000c9000000, 0x00000000c9000000, 0x00000000c9100000|  0%| F|  |TAMS 0x00000000c9000000| PB 0x00000000c9000000| Untracked 
|  69|0x00000000c9100000, 0x00000000c9100000, 0x00000000c9200000|  0%| F|  |TAMS 0x00000000c9100000| PB 0x00000000c9100000| Untracked 
|  70|0x00000000c9200000, 0x00000000c9200000, 0x00000000c9300000|  0%| F|  |TAMS 0x00000000c9200000| PB 0x00000000c9200000| Untracked 
|  71|0x00000000c9300000, 0x00000000c9300000, 0x00000000c9400000|  0%| F|  |TAMS 0x00000000c9300000| PB 0x00000000c9300000| Untracked 
|  72|0x00000000c9400000, 0x00000000c9400000, 0x00000000c9500000|  0%| F|  |TAMS 0x00000000c9400000| PB 0x00000000c9400000| Untracked 
|  73|0x00000000c9500000, 0x00000000c9500000, 0x00000000c9600000|  0%| F|  |TAMS 0x00000000c9500000| PB 0x00000000c9500000| Untracked 
|  74|0x00000000c9600000, 0x00000000c9600000, 0x00000000c9700000|  0%| F|  |TAMS 0x00000000c9600000| PB 0x00000000c9600000| Untracked 
|  75|0x00000000c9700000, 0x00000000c9700000, 0x00000000c9800000|  0%| F|  |TAMS 0x00000000c9700000| PB 0x00000000c9700000| Untracked 
|  76|0x00000000c9800000, 0x00000000c9866c60, 0x00000000c9900000| 40%| E|  |TAMS 0x00000000c9800000| PB 0x00000000c9800000| Complete 
|  77|0x00000000c9900000, 0x00000000c9a00000, 0x00000000c9a00000|100%| E|CS|TAMS 0x00000000c9900000| PB 0x00000000c9900000| Complete 
|  78|0x00000000c9a00000, 0x00000000c9b00000, 0x00000000c9b00000|100%| E|CS|TAMS 0x00000000c9a00000| PB 0x00000000c9a00000| Complete 

Card table byte_map: [0x00000165610e0000,0x00000165612c0000] _byte_map_base: 0x0000016560aba000

Marking Bits: (CMBitMap*) 0x0000016549a49fe0
 Bits: [0x00000165612c0000, 0x0000016562190000)

Polling page: 0x00000165477f0000

Metaspace:

Usage:
  Non-class:     78.44 MB used.
      Class:     12.36 MB used.
       Both:     90.80 MB used.

Virtual space:
  Non-class space:      128.00 MB reserved,      78.94 MB ( 62%) committed,  2 nodes.
      Class space:        1.00 GB reserved,      12.75 MB (  1%) committed,  1 nodes.
             Both:        1.12 GB reserved,      91.69 MB (  8%) committed. 

Chunk freelists:
   Non-Class:  496.00 KB
       Class:  3.28 MB
        Both:  3.77 MB

MaxMetaspaceSize: unlimited
CompressedClassSpaceSize: 1.00 GB
Initial GC threshold: 21.00 MB
Current GC threshold: 144.81 MB
CDS: on
 - commit_granule_bytes: 65536.
 - commit_granule_words: 8192.
 - virtual_space_node_default_size: 8388608.
 - enlarge_chunks_in_place: 1.
 - use_allocation_guard: 0.


Internal statistics:

num_allocs_failed_limit: 9.
num_arena_births: 1314.
num_arena_deaths: 0.
num_vsnodes_births: 3.
num_vsnodes_deaths: 0.
num_space_committed: 1467.
num_space_uncommitted: 0.
num_chunks_returned_to_freelist: 9.
num_chunks_taken_from_freelist: 4592.
num_chunk_merges: 9.
num_chunk_splits: 3379.
num_chunks_enlarged: 2640.
num_inconsistent_stats: 0.

CodeHeap 'non-profiled nmethods': size=120000Kb used=4213Kb max_used=4213Kb free=115787Kb
 bounds [0x0000016559bb0000, 0x0000016559fd0000, 0x00000165610e0000]
CodeHeap 'profiled nmethods': size=120000Kb used=14223Kb max_used=14223Kb free=105776Kb
 bounds [0x00000165520e0000, 0x0000016552ed0000, 0x0000016559610000]
CodeHeap 'non-nmethods': size=5760Kb used=2014Kb max_used=2038Kb free=3745Kb
 bounds [0x0000016559610000, 0x0000016559880000, 0x0000016559bb0000]
 total_blobs=8478 nmethods=7686 adapters=695
 compilation: enabled
              stopped_count=0, restarted_count=0
 full_count=0

Compilation events (20 events):
Event: 360.258 Thread 0x0000016564735870 nmethod 9026 0x0000016552ebe810 code [0x0000016552ebe9e0, 0x0000016552ebed60]
Event: 360.274 Thread 0x0000016564735870 9028       3       org.apache.hc.core5.http.impl.io.SessionOutputBufferImpl::writeLine (135 bytes)
Event: 360.531 Thread 0x0000016564735870 nmethod 9028 0x0000016552ebef10 code [0x0000016552ebf180, 0x0000016552ebfac8]
Event: 360.531 Thread 0x0000016564735870 9027       3       org.apache.hc.core5.http.impl.io.SessionOutputBufferImpl::write (98 bytes)
Event: 360.737 Thread 0x0000016564735870 nmethod 9027 0x0000016552ebfe90 code [0x0000016552ec00e0, 0x0000016552ec0850]
Event: 360.737 Thread 0x0000016564735870 9029       3       org.apache.hc.core5.http.message.HeaderGroup::getFirstHeader (52 bytes)
Event: 360.779 Thread 0x0000016564735870 nmethod 9029 0x0000016552ec0b90 code [0x0000016552ec0da0, 0x0000016552ec13a8]
Event: 360.834 Thread 0x0000016564735870 9030       3       org.apache.hc.core5.http.message.ParserCursor::<init> (7 bytes)
Event: 360.835 Thread 0x0000016564735870 nmethod 9030 0x0000016552ec1590 code [0x0000016552ec1740, 0x0000016552ec1878]
Event: 360.876 Thread 0x0000016564735870 9031       3       com.netflix.appinfo.InstanceInfo::getId (63 bytes)
Event: 360.914 Thread 0x0000016564733230 9032       4       java.util.stream.Collectors$CollectorImpl::<init> (13 bytes)
Event: 360.918 Thread 0x0000016564735870 nmethod 9031 0x0000016552ec1910 code [0x0000016552ec1b00, 0x0000016552ec21d0]
Event: 360.978 Thread 0x0000016564735870 9033       3       org.apache.hc.core5.util.TextUtils::isEmpty (13 bytes)
Event: 361.009 Thread 0x0000016564735870 nmethod 9033 0x0000016552ec2390 code [0x0000016552ec2540, 0x0000016552ec27e8]
Event: 361.038 Thread 0x0000016564735870 9034       3       org.apache.hc.core5.util.Tokenizer::skipWhiteSpace (78 bytes)
Event: 361.045 Thread 0x0000016564733230 nmethod 9032 0x0000016559fccd10 code [0x0000016559fccea0, 0x0000016559fcd3c8]
Event: 361.048 Thread 0x0000016564733230 9035       4       com.fasterxml.jackson.core.json.UTF8StreamJsonParser::_finishAndReturnString (137 bytes)
Event: 361.198 Thread 0x0000016564735870 nmethod 9034 0x0000016552ec2910 code [0x0000016552ec2b40, 0x0000016552ec3570]
Event: 361.199 Thread 0x0000016564735870 9036       3       com.fasterxml.jackson.core.base.ParserBase::createChildObjectContext (28 bytes)
Event: 361.262 Thread 0x0000016564735870 nmethod 9036 0x0000016552ec3890 code [0x0000016552ec3a60, 0x0000016552ec3c78]

GC Heap History (20 events):
Event: 13.076 GC heap before
{Heap before GC invocations=13 (full 0):
 garbage-first heap   total 73728K, used 63039K [0x00000000c4c00000, 0x0000000100000000)
  region size 1024K, 34 young (34816K), 3 survivors (3072K)
 Metaspace       used 57484K, committed 58112K, reserved 1114112K
  class space    used 7453K, committed 7744K, reserved 1048576K
}
Event: 13.083 GC heap after
{Heap after GC invocations=14 (full 0):
 garbage-first heap   total 73728K, used 33613K [0x00000000c4c00000, 0x0000000100000000)
  region size 1024K, 5 young (5120K), 5 survivors (5120K)
 Metaspace       used 57484K, committed 58112K, reserved 1114112K
  class space    used 7453K, committed 7744K, reserved 1048576K
}
Event: 13.621 GC heap before
{Heap before GC invocations=14 (full 0):
 garbage-first heap   total 73728K, used 43853K [0x00000000c4c00000, 0x0000000100000000)
  region size 1024K, 16 young (16384K), 5 survivors (5120K)
 Metaspace       used 59988K, committed 60608K, reserved 1114112K
  class space    used 7809K, committed 8128K, reserved 1048576K
}
Event: 13.630 GC heap after
{Heap after GC invocations=15 (full 0):
 garbage-first heap   total 73728K, used 34827K [0x00000000c4c00000, 0x0000000100000000)
  region size 1024K, 4 young (4096K), 4 survivors (4096K)
 Metaspace       used 59988K, committed 60608K, reserved 1114112K
  class space    used 7809K, committed 8128K, reserved 1048576K
}
Event: 14.569 GC heap before
{Heap before GC invocations=16 (full 0):
 garbage-first heap   total 73728K, used 62475K [0x00000000c4c00000, 0x0000000100000000)
  region size 1024K, 32 young (32768K), 4 survivors (4096K)
 Metaspace       used 67792K, committed 68416K, reserved 1114112K
  class space    used 8983K, committed 9280K, reserved 1048576K
}
Event: 14.575 GC heap after
{Heap after GC invocations=17 (full 0):
 garbage-first heap   total 73728K, used 36301K [0x00000000c4c00000, 0x0000000100000000)
  region size 1024K, 3 young (3072K), 3 survivors (3072K)
 Metaspace       used 67792K, committed 68416K, reserved 1114112K
  class space    used 8983K, committed 9280K, reserved 1048576K
}
Event: 15.601 GC heap before
{Heap before GC invocations=17 (full 0):
 garbage-first heap   total 73728K, used 64973K [0x00000000c4c00000, 0x0000000100000000)
  region size 1024K, 31 young (31744K), 3 survivors (3072K)
 Metaspace       used 74375K, committed 75072K, reserved 1114112K
  class space    used 9865K, committed 10176K, reserved 1048576K
}
Event: 15.611 GC heap after
{Heap after GC invocations=18 (full 0):
 garbage-first heap   total 73728K, used 38179K [0x00000000c4c00000, 0x0000000100000000)
  region size 1024K, 4 young (4096K), 4 survivors (4096K)
 Metaspace       used 74375K, committed 75072K, reserved 1114112K
  class space    used 9865K, committed 10176K, reserved 1048576K
}
Event: 16.336 GC heap before
{Heap before GC invocations=18 (full 0):
 garbage-first heap   total 73728K, used 63779K [0x00000000c4c00000, 0x0000000100000000)
  region size 1024K, 29 young (29696K), 4 survivors (4096K)
 Metaspace       used 79262K, committed 79936K, reserved 1179648K
  class space    used 10770K, committed 11072K, reserved 1048576K
}
Event: 16.344 GC heap after
{Heap after GC invocations=19 (full 0):
 garbage-first heap   total 73728K, used 40927K [0x00000000c4c00000, 0x0000000100000000)
  region size 1024K, 3 young (3072K), 3 survivors (3072K)
 Metaspace       used 79262K, committed 79936K, reserved 1179648K
  class space    used 10770K, committed 11072K, reserved 1048576K
}
Event: 16.970 GC heap before
{Heap before GC invocations=20 (full 0):
 garbage-first heap   total 73728K, used 65503K [0x00000000c4c00000, 0x0000000100000000)
  region size 1024K, 27 young (27648K), 3 survivors (3072K)
 Metaspace       used 82328K, committed 83008K, reserved 1179648K
  class space    used 11214K, committed 11520K, reserved 1048576K
}
Event: 16.978 GC heap after
{Heap after GC invocations=21 (full 0):
 garbage-first heap   total 73728K, used 42879K [0x00000000c4c00000, 0x0000000100000000)
  region size 1024K, 2 young (2048K), 2 survivors (2048K)
 Metaspace       used 82328K, committed 83008K, reserved 1179648K
  class space    used 11214K, committed 11520K, reserved 1048576K
}
Event: 17.553 GC heap before
{Heap before GC invocations=21 (full 0):
 garbage-first heap   total 73728K, used 65407K [0x00000000c4c00000, 0x0000000100000000)
  region size 1024K, 25 young (25600K), 2 survivors (2048K)
 Metaspace       used 85436K, committed 86144K, reserved 1179648K
  class space    used 11663K, committed 11968K, reserved 1048576K
}
Event: 17.560 GC heap after
{Heap after GC invocations=22 (full 0):
 garbage-first heap   total 73728K, used 44807K [0x00000000c4c00000, 0x0000000100000000)
  region size 1024K, 4 young (4096K), 4 survivors (4096K)
 Metaspace       used 85436K, committed 86144K, reserved 1179648K
  class space    used 11663K, committed 11968K, reserved 1048576K
}
Event: 18.106 GC heap before
{Heap before GC invocations=22 (full 0):
 garbage-first heap   total 73728K, used 64263K [0x00000000c4c00000, 0x0000000100000000)
  region size 1024K, 23 young (23552K), 4 survivors (4096K)
 Metaspace       used 88083K, committed 88960K, reserved 1179648K
  class space    used 12017K, committed 12416K, reserved 1048576K
}
Event: 18.117 GC heap after
{Heap after GC invocations=23 (full 0):
 garbage-first heap   total 73728K, used 47139K [0x00000000c4c00000, 0x0000000100000000)
  region size 1024K, 3 young (3072K), 3 survivors (3072K)
 Metaspace       used 88083K, committed 88960K, reserved 1179648K
  class space    used 12017K, committed 12416K, reserved 1048576K
}
Event: 18.752 GC heap before
{Heap before GC invocations=24 (full 0):
 garbage-first heap   total 80896K, used 64547K [0x00000000c4c00000, 0x0000000100000000)
  region size 1024K, 20 young (20480K), 3 survivors (3072K)
 Metaspace       used 89334K, committed 90176K, reserved 1179648K
  class space    used 12209K, committed 12608K, reserved 1048576K
}
Event: 18.757 GC heap after
{Heap after GC invocations=25 (full 0):
 garbage-first heap   total 80896K, used 49661K [0x00000000c4c00000, 0x0000000100000000)
  region size 1024K, 3 young (3072K), 3 survivors (3072K)
 Metaspace       used 89334K, committed 90176K, reserved 1179648K
  class space    used 12209K, committed 12608K, reserved 1048576K
}
Event: 209.373 GC heap before
{Heap before GC invocations=25 (full 0):
 garbage-first heap   total 80896K, used 70141K [0x00000000c4c00000, 0x0000000100000000)
  region size 1024K, 24 young (24576K), 3 survivors (3072K)
 Metaspace       used 92694K, committed 93504K, reserved 1179648K
  class space    used 12628K, committed 12992K, reserved 1048576K
}
Event: 209.645 GC heap after
{Heap after GC invocations=26 (full 0):
 garbage-first heap   total 80896K, used 50620K [0x00000000c4c00000, 0x0000000100000000)
  region size 1024K, 3 young (3072K), 3 survivors (3072K)
 Metaspace       used 92694K, committed 93504K, reserved 1179648K
  class space    used 12628K, committed 12992K, reserved 1048576K
}

Dll operation events (14 events):
Event: 0.015 Loaded shared library C:\Users\nerea\.jdks\corretto-21.0.5\bin\java.dll
Event: 0.141 Loaded shared library C:\Users\nerea\.jdks\corretto-21.0.5\bin\jsvml.dll
Event: 0.437 Loaded shared library C:\Users\nerea\.jdks\corretto-21.0.5\bin\zip.dll
Event: 0.444 Loaded shared library C:\Users\nerea\.jdks\corretto-21.0.5\bin\instrument.dll
Event: 0.457 Loaded shared library C:\Users\nerea\.jdks\corretto-21.0.5\bin\net.dll
Event: 0.461 Loaded shared library C:\Users\nerea\.jdks\corretto-21.0.5\bin\nio.dll
Event: 0.473 Loaded shared library C:\Users\nerea\.jdks\corretto-21.0.5\bin\zip.dll
Event: 0.998 Loaded shared library C:\Program Files\JetBrains\IntelliJ IDEA Community Edition 2023.2.2\bin\breakgen64.dll
Event: 1.021 Loaded shared library C:\Users\nerea\.jdks\corretto-21.0.5\bin\extnet.dll
Event: 1.148 Loaded shared library C:\Users\nerea\.jdks\corretto-21.0.5\bin\jimage.dll
Event: 2.553 Loaded shared library C:\Users\nerea\.jdks\corretto-21.0.5\bin\sunmscapi.dll
Event: 3.447 Loaded shared library C:\Users\nerea\.jdks\corretto-21.0.5\bin\verify.dll
Event: 11.185 Loaded shared library C:\Users\nerea\.jdks\corretto-21.0.5\bin\management.dll
Event: 11.190 Loaded shared library C:\Users\nerea\.jdks\corretto-21.0.5\bin\management_ext.dll

Deoptimization events (20 events):
Event: 19.340 Thread 0x000001656a3aa130 DEOPT PACKING pc=0x0000016559f01ae4 sp=0x0000001fd18fdf50
Event: 19.340 Thread 0x000001656a3aa130 DEOPT UNPACKING pc=0x0000016559667da2 sp=0x0000001fd18fdef0 mode 2
Event: 79.320 Thread 0x000001656a3aae50 Uncommon trap: trap_request=0xffffffc6 fr.pc=0x0000016559c79ed4 relative=0x0000000000001394
Event: 79.320 Thread 0x000001656a3aae50 Uncommon trap: reason=bimorphic_or_optimized_type_check action=maybe_recompile pc=0x0000016559c79ed4 method=java.util.concurrent.ConcurrentHashMap.putVal(Ljava/lang/Object;Ljava/lang/Object;Z)Ljava/lang/Object; @ 242 c2
Event: 79.321 Thread 0x000001656a3aae50 DEOPT PACKING pc=0x0000016559c79ed4 sp=0x0000001fd16fe0d0
Event: 79.321 Thread 0x000001656a3aae50 DEOPT UNPACKING pc=0x0000016559667da2 sp=0x0000001fd16fe040 mode 2
Event: 79.322 Thread 0x000001656a3aae50 Uncommon trap: trap_request=0xffffff54 fr.pc=0x0000016559cd6e3c relative=0x000000000000125c
Event: 79.323 Thread 0x000001656a3aae50 Uncommon trap: reason=speculate_null_assert action=make_not_entrant pc=0x0000016559cd6e3c method=jdk.internal.util.ReferencedKeyMap.internKey(Ljdk/internal/util/ReferencedKeyMap;Ljava/lang/Object;)Ljava/lang/Object; @ 28 c2
Event: 79.323 Thread 0x000001656a3aae50 DEOPT PACKING pc=0x0000016559cd6e3c sp=0x0000001fd16fe1a0
Event: 79.325 Thread 0x000001656a3aae50 DEOPT UNPACKING pc=0x0000016559667da2 sp=0x0000001fd16fe070 mode 2
Event: 204.568 Thread 0x000001656a3ab4e0 Uncommon trap: trap_request=0xffffff45 fr.pc=0x0000016559c79d50 relative=0x0000000000001210
Event: 204.582 Thread 0x000001656a3ab4e0 Uncommon trap: reason=unstable_if action=reinterpret pc=0x0000016559c79d50 method=java.util.concurrent.ConcurrentHashMap.putVal(Ljava/lang/Object;Ljava/lang/Object;Z)Ljava/lang/Object; @ 97 c2
Event: 204.589 Thread 0x000001656a3ab4e0 DEOPT PACKING pc=0x0000016559c79d50 sp=0x0000001fd19fe0d0
Event: 204.591 Thread 0x000001656a3ab4e0 DEOPT UNPACKING pc=0x0000016559667da2 sp=0x0000001fd19fe058 mode 2
Event: 208.748 Thread 0x000001656a3a8060 Uncommon trap: trap_request=0xffffff45 fr.pc=0x0000016559c42b58 relative=0x0000000000000378
Event: 208.748 Thread 0x000001656a3a8060 Uncommon trap: reason=unstable_if action=reinterpret pc=0x0000016559c42b58 method=org.springframework.util.AntPathMatcher.skipSegment(Ljava/lang/String;ILjava/lang/String;)I @ 60 c2
Event: 208.748 Thread 0x000001656a3a8060 DEOPT PACKING pc=0x0000016559c42b58 sp=0x0000001fd1afd230
Event: 208.751 Thread 0x000001656a3a8060 DEOPT UNPACKING pc=0x0000016559667da2 sp=0x0000001fd1afd1b8 mode 2
Event: 210.389 Thread 0x000001656a3a8060 DEOPT PACKING pc=0x00000165524a77fd sp=0x0000001fd1afb6b0
Event: 210.390 Thread 0x000001656a3a8060 DEOPT UNPACKING pc=0x00000165596688e2 sp=0x0000001fd1afab48 mode 0

Classes loaded (20 events):
Event: 200.691 Loading class sun/nio/ch/SelectionKeyImpl
Event: 201.353 Loading class java/nio/channels/spi/AbstractSelectionKey
Event: 201.377 Loading class java/nio/channels/SelectionKey
Event: 201.413 Loading class java/nio/channels/SelectionKey done
Event: 201.413 Loading class java/nio/channels/spi/AbstractSelectionKey done
Event: 201.413 Loading class sun/nio/ch/SelectionKeyImpl done
Event: 201.525 Loading class java/lang/invoke/ConstantBootstraps
Event: 201.660 Loading class java/lang/invoke/ConstantBootstraps done
Event: 209.860 Loading class java/util/stream/ReduceOps$7
Event: 209.872 Loading class java/util/stream/ReduceOps$7 done
Event: 209.872 Loading class java/util/stream/ReduceOps$6ReducingSink
Event: 209.875 Loading class java/util/stream/ReduceOps$6ReducingSink done
Event: 210.261 Loading class java/io/WriteAbortedException
Event: 210.263 Loading class java/io/WriteAbortedException done
Event: 210.295 Loading class sun/security/provider/SecureRandom
Event: 210.298 Loading class sun/security/provider/SecureRandom done
Event: 210.320 Loading class sun/security/provider/SecureRandom$SeederHolder
Event: 210.322 Loading class sun/security/provider/SecureRandom$SeederHolder done
Event: 210.910 Loading class java/text/FieldPosition$Delegate
Event: 210.910 Loading class java/text/FieldPosition$Delegate done

Classes unloaded (0 events):
No events

Classes redefined (0 events):
No events

Internal exceptions (20 events):
Event: 15.673 Thread 0x0000016549a14110 Exception <a 'java/lang/IncompatibleClassChangeError'{0x00000000c92883a0}: Found class java.lang.Object, but interface was expected> (0x00000000c92883a0) 
thrown [s\src\hotspot\share\interpreter\linkResolver.cpp, line 840]
Event: 15.806 Thread 0x0000016549a14110 Exception <a 'java/lang/IncompatibleClassChangeError'{0x00000000c8f6e6b0}: Found class java.lang.Object, but interface was expected> (0x00000000c8f6e6b0) 
thrown [s\src\hotspot\share\interpreter\linkResolver.cpp, line 840]
Event: 16.813 Thread 0x0000016549a14110 Exception <a 'java/lang/NoSuchMethodError'{0x00000000c8076700}: 'java.lang.Object java.lang.invoke.DirectMethodHandle$Holder.invokeVirtual(java.lang.Object, java.lang.Object, java.lang.Object, java.lang.Object, java.lang.Object, java.lang.Object, java.lang.Object)'> (0x00000000c8076700) 
thrown [s\src\hotspot\share\interpreter\linkResolver.cpp, line 773]
Event: 16.899 Thread 0x0000016549a14110 Exception <a 'java/lang/NoSuchMethodError'{0x00000000c7e5a000}: 'void java.lang.invoke.Invokers$Holder.invokeExact_MT(java.lang.Object, java.lang.Object, int, java.lang.Object)'> (0x00000000c7e5a000) 
thrown [s\src\hotspot\share\interpreter\linkResolver.cpp, line 773]
Event: 17.023 Thread 0x0000016549a14110 Exception <a 'java/lang/NoSuchMethodError'{0x00000000c9214d20}: 'void java.lang.invoke.DirectMethodHandle$Holder.invokeStatic(java.lang.Object, java.lang.Object, java.lang.Object, int)'> (0x00000000c9214d20) 
thrown [s\src\hotspot\share\interpreter\linkResolver.cpp, line 773]
Event: 17.087 Thread 0x0000016549a14110 Exception <a 'java/lang/IncompatibleClassChangeError'{0x00000000c90760e8}: Found class java.lang.Object, but interface was expected> (0x00000000c90760e8) 
thrown [s\src\hotspot\share\interpreter\linkResolver.cpp, line 840]
Event: 17.209 Thread 0x0000016549a14110 Exception <a 'java/io/FileNotFoundException'{0x00000000c8c64738}> (0x00000000c8c64738) 
thrown [s\src\hotspot\share\prims\jni.cpp, line 520]
Event: 17.210 Thread 0x0000016549a14110 Exception <a 'java/io/FileNotFoundException'{0x00000000c8c6e7d0}> (0x00000000c8c6e7d0) 
thrown [s\src\hotspot\share\prims\jni.cpp, line 520]
Event: 17.299 Thread 0x0000016549a14110 Exception <a 'java/lang/IncompatibleClassChangeError'{0x00000000c89d4790}: Found class java.lang.Object, but interface was expected> (0x00000000c89d4790) 
thrown [s\src\hotspot\share\interpreter\linkResolver.cpp, line 840]
Event: 17.300 Thread 0x0000016549a14110 Exception <a 'java/lang/IncompatibleClassChangeError'{0x00000000c89d9c68}: Found class java.lang.Object, but interface was expected> (0x00000000c89d9c68) 
thrown [s\src\hotspot\share\interpreter\linkResolver.cpp, line 840]
Event: 17.300 Thread 0x0000016549a14110 Exception <a 'java/lang/IncompatibleClassChangeError'{0x00000000c89dee30}: Found class java.lang.Object, but interface was expected> (0x00000000c89dee30) 
thrown [s\src\hotspot\share\interpreter\linkResolver.cpp, line 840]
Event: 17.430 Thread 0x0000016549a14110 Exception <a 'java/lang/NoSuchMethodError'{0x00000000c827d128}: 'void java.lang.invoke.DelegatingMethodHandle$Holder.reinvoke_L(java.lang.Object, java.lang.Object, int, java.lang.Object)'> (0x00000000c827d128) 
thrown [s\src\hotspot\share\interpreter\linkResolver.cpp, line 773]
Event: 17.671 Thread 0x0000016549a14110 Exception <a 'java/lang/IncompatibleClassChangeError'{0x00000000c8f03590}: Found class java.lang.Object, but interface was expected> (0x00000000c8f03590) 
thrown [s\src\hotspot\share\interpreter\linkResolver.cpp, line 840]
Event: 17.808 Thread 0x0000016549a14110 Exception <a 'java/lang/NoSuchMethodError'{0x00000000c8b701a0}: 'java.lang.Object java.lang.invoke.DirectMethodHandle$Holder.invokeInterface(java.lang.Object, java.lang.Object, java.lang.Object, java.lang.Object)'> (0x00000000c8b701a0) 
thrown [s\src\hotspot\share\interpreter\linkResolver.cpp, line 773]
Event: 18.010 Thread 0x0000016549a14110 Exception <a 'java/lang/NoSuchMethodError'{0x00000000c84186c0}: 'java.lang.Object java.lang.invoke.DirectMethodHandle$Holder.invokeVirtual(java.lang.Object, java.lang.Object, java.lang.Object, java.lang.Object, java.lang.Object, java.lang.Object, java.lang.Object, java.lang.Object, java.lang.Object)'> (0x00000000c84186c0) 
thrown [s\src\hotspot\share\interpreter\linkResolver.cpp, line 773]
Event: 18.055 Thread 0x0000016549a14110 Exception <a 'java/lang/NoSuchMethodError'{0x00000000c83be9d0}: 'java.lang.Object java.lang.invoke.DirectMethodHandle$Holder.invokeVirtual(java.lang.Object, java.lang.Object, java.lang.Object, java.lang.Object, java.lang.Object, java.lang.Object, java.lang.Object, java.lang.Object, java.lang.Object, java.lang.Object)'> (0x00000000c83be9d0) 
thrown [s\src\hotspot\share\interpreter\linkResolver.cpp, line 773]
Event: 18.328 Thread 0x0000016549a14110 Exception <a 'java/lang/IncompatibleClassChangeError'{0x00000000c99c0690}: Found class java.lang.Object, but interface was expected> (0x00000000c99c0690) 
thrown [s\src\hotspot\share\interpreter\linkResolver.cpp, line 840]
Event: 18.872 Thread 0x0000016549a14110 Exception <a 'java/lang/NoSuchMethodError'{0x00000000c926c4b0}: 'double java.lang.invoke.DirectMethodHandle$Holder.invokeVirtual(java.lang.Object, java.lang.Object)'> (0x00000000c926c4b0) 
thrown [s\src\hotspot\share\interpreter\linkResolver.cpp, line 773]
Event: 206.204 Thread 0x000001656a3a8060 Exception <a 'java/lang/NoSuchMethodError'{0x00000000c86c71b8}: 'java.lang.Object java.lang.invoke.DirectMethodHandle$Holder.invokeSpecial(java.lang.Object, java.lang.Object, java.lang.Object, java.lang.Object, java.lang.Object, long)'> (0x00000000c86c71b8) 
thrown [s\src\hotspot\share\interpreter\linkResolver.cpp, line 773]
Event: 206.207 Thread 0x000001656a3a8060 Exception <a 'java/lang/NoSuchMethodError'{0x00000000c86ca950}: 'java.lang.Object java.lang.invoke.Invokers$Holder.linkToTargetMethod(java.lang.Object, java.lang.Object, java.lang.Object, long, java.lang.Object)'> (0x00000000c86ca950) 
thrown [s\src\hotspot\share\interpreter\linkResolver.cpp, line 773]

ZGC Phase Switch (0 events):
No events

VM Operations (20 events):
Event: 236.910 Executing VM operation: Cleanup
Event: 236.910 Executing VM operation: Cleanup done
Event: 240.702 Executing VM operation: HandshakeAllThreads (HandshakeForDeflation)
Event: 240.703 Executing VM operation: HandshakeAllThreads (HandshakeForDeflation) done
Event: 240.703 Executing VM operation: RendezvousGCThreads
Event: 240.703 Executing VM operation: RendezvousGCThreads done
Event: 249.775 Executing VM operation: Cleanup
Event: 249.775 Executing VM operation: Cleanup done
Event: 264.895 Executing VM operation: Cleanup
Event: 264.905 Executing VM operation: Cleanup done
Event: 266.923 Executing VM operation: Cleanup
Event: 266.940 Executing VM operation: Cleanup done
Event: 267.945 Executing VM operation: Cleanup
Event: 267.945 Executing VM operation: Cleanup done
Event: 297.142 Executing VM operation: Cleanup
Event: 297.143 Executing VM operation: Cleanup done
Event: 302.205 Executing VM operation: Cleanup
Event: 302.205 Executing VM operation: Cleanup done
Event: 320.342 Executing VM operation: Cleanup
Event: 320.342 Executing VM operation: Cleanup done

Memory protections (0 events):
No events

Nmethod flushes (20 events):
Event: 18.219 Thread 0x00000165647125e0 flushing  nmethod 0x0000016552ceb510
Event: 18.219 Thread 0x00000165647125e0 flushing  nmethod 0x0000016552cec010
Event: 18.219 Thread 0x00000165647125e0 flushing  nmethod 0x0000016552cedb10
Event: 18.219 Thread 0x00000165647125e0 flushing  nmethod 0x0000016552cef690
Event: 18.219 Thread 0x00000165647125e0 flushing  nmethod 0x0000016552d03110
Event: 18.219 Thread 0x00000165647125e0 flushing  nmethod 0x0000016552d03510
Event: 18.219 Thread 0x00000165647125e0 flushing  nmethod 0x0000016552d04a10
Event: 18.219 Thread 0x00000165647125e0 flushing  nmethod 0x0000016552d05510
Event: 18.219 Thread 0x00000165647125e0 flushing  nmethod 0x0000016552d05990
Event: 18.219 Thread 0x00000165647125e0 flushing  nmethod 0x0000016552d05e90
Event: 18.219 Thread 0x00000165647125e0 flushing  nmethod 0x0000016552d06510
Event: 18.219 Thread 0x00000165647125e0 flushing  nmethod 0x0000016552d09510
Event: 18.219 Thread 0x00000165647125e0 flushing  nmethod 0x0000016552d0a210
Event: 18.219 Thread 0x00000165647125e0 flushing  nmethod 0x0000016552d11710
Event: 18.219 Thread 0x00000165647125e0 flushing  nmethod 0x0000016552d15210
Event: 18.219 Thread 0x00000165647125e0 flushing  nmethod 0x0000016552d15990
Event: 18.219 Thread 0x00000165647125e0 flushing  nmethod 0x0000016552d15d10
Event: 18.219 Thread 0x00000165647125e0 flushing  nmethod 0x0000016552d16c10
Event: 18.219 Thread 0x00000165647125e0 flushing  nmethod 0x0000016552d17810
Event: 18.219 Thread 0x00000165647125e0 flushing  nmethod 0x0000016552d18610

Events (20 events):
Event: 19.074 Thread 0x0000016549a14110 Thread added: 0x000001656a3a9410
Event: 19.076 Thread 0x0000016549a14110 Thread added: 0x000001656a3aa130
Event: 19.265 Thread 0x0000016549a14110 Thread added: 0x000001656a3ab4e0
Event: 19.265 Thread 0x0000016549a14110 Thread added: 0x000001656a3a8060
Event: 19.265 Thread 0x0000016549a14110 Thread added: 0x00000165726fa850
Event: 19.266 Thread 0x0000016549a14110 Thread added: 0x00000165726f66b0
Event: 19.266 Thread 0x0000016549a14110 Thread added: 0x00000165726f4c70
Event: 19.266 Thread 0x0000016549a14110 Thread added: 0x00000165726f45e0
Event: 19.266 Thread 0x0000016549a14110 Thread added: 0x00000165726f73d0
Event: 19.266 Thread 0x0000016549a14110 Thread added: 0x00000165726f9b30
Event: 19.266 Thread 0x0000016549a14110 Thread added: 0x00000165726f5300
Event: 19.266 Thread 0x0000016549a14110 Thread added: 0x00000165726f6d40
Event: 19.375 Thread 0x0000016549a14110 Thread added: 0x00000165726fa1c0
Event: 19.378 Thread 0x0000016549a14110 Thread added: 0x00000165726faee0
Event: 19.410 Thread 0x0000016549a14110 Thread exited: 0x0000016549a14110
Event: 19.411 Thread 0x00000165726f5990 Thread added: 0x00000165726f5990
Event: 49.130 Thread 0x000001656a3a9410 Thread added: 0x00000165726f7a60
Event: 49.140 Thread 0x000001656a3aae50 Thread added: 0x00000165726f6020
Event: 71.931 Thread 0x000001656a2cabc0 Thread exited: 0x000001656a2cabc0
Event: 319.319 Thread 0x000001656a3a8d80 Thread added: 0x00000165726f80f0


Dynamic libraries:
0x00007ff623220000 - 0x00007ff62322e000 	C:\Users\nerea\.jdks\corretto-21.0.5\bin\java.exe
0x00007ffaf6470000 - 0x00007ffaf6687000 	C:\WINDOWS\SYSTEM32\ntdll.dll
0x00007ffaf4590000 - 0x00007ffaf4654000 	C:\WINDOWS\System32\KERNEL32.DLL
0x00007ffaf3c70000 - 0x00007ffaf4042000 	C:\WINDOWS\System32\KERNELBASE.dll
0x00007ffaf3750000 - 0x00007ffaf3861000 	C:\WINDOWS\System32\ucrtbase.dll
0x00007ffad48e0000 - 0x00007ffad48fb000 	C:\Users\nerea\.jdks\corretto-21.0.5\bin\VCRUNTIME140.dll
0x00007ffad4900000 - 0x00007ffad4918000 	C:\Users\nerea\.jdks\corretto-21.0.5\bin\jli.dll
0x00007ffaf4100000 - 0x00007ffaf42b1000 	C:\WINDOWS\System32\USER32.dll
0x00007ffaf4050000 - 0x00007ffaf4076000 	C:\WINDOWS\System32\win32u.dll
0x00007ffada990000 - 0x00007ffadac2b000 	C:\WINDOWS\WinSxS\amd64_microsoft.windows.common-controls_6595b64144ccf1df_6.0.22621.5547_none_27104afb73855772\COMCTL32.dll
0x00007ffaf4660000 - 0x00007ffaf4689000 	C:\WINDOWS\System32\GDI32.dll
0x00007ffaf3b40000 - 0x00007ffaf3c63000 	C:\WINDOWS\System32\gdi32full.dll
0x00007ffaf3930000 - 0x00007ffaf39ca000 	C:\WINDOWS\System32\msvcp_win.dll
0x00007ffaf5af0000 - 0x00007ffaf5b97000 	C:\WINDOWS\System32\msvcrt.dll
0x00007ffaf4910000 - 0x00007ffaf4941000 	C:\WINDOWS\System32\IMM32.DLL
0x00007ffaec8d0000 - 0x00007ffaec8dc000 	C:\Users\nerea\.jdks\corretto-21.0.5\bin\vcruntime140_1.dll
0x00007ffacdcc0000 - 0x00007ffacdd4d000 	C:\Users\nerea\.jdks\corretto-21.0.5\bin\msvcp140.dll
0x00007ffa60510000 - 0x00007ffa612ad000 	C:\Users\nerea\.jdks\corretto-21.0.5\bin\server\jvm.dll
0x00007ffaf4c60000 - 0x00007ffaf4d11000 	C:\WINDOWS\System32\ADVAPI32.dll
0x00007ffaf5ba0000 - 0x00007ffaf5c48000 	C:\WINDOWS\System32\sechost.dll
0x00007ffaf36a0000 - 0x00007ffaf36c8000 	C:\WINDOWS\System32\bcrypt.dll
0x00007ffaf4780000 - 0x00007ffaf4894000 	C:\WINDOWS\System32\RPCRT4.dll
0x00007ffaf55f0000 - 0x00007ffaf5661000 	C:\WINDOWS\System32\WS2_32.dll
0x00007ffaf2dd0000 - 0x00007ffaf2e1d000 	C:\WINDOWS\SYSTEM32\POWRPROF.dll
0x00007ffae79b0000 - 0x00007ffae79e4000 	C:\WINDOWS\SYSTEM32\WINMM.dll
0x00007ffae6f90000 - 0x00007ffae6f9a000 	C:\WINDOWS\SYSTEM32\VERSION.dll
0x00007ffaf2db0000 - 0x00007ffaf2dc3000 	C:\WINDOWS\SYSTEM32\UMPDC.dll
0x00007ffaf2590000 - 0x00007ffaf25a8000 	C:\WINDOWS\SYSTEM32\kernel.appcore.dll
0x00007ffaec8b0000 - 0x00007ffaec8ba000 	C:\Users\nerea\.jdks\corretto-21.0.5\bin\jimage.dll
0x00007ffaf1100000 - 0x00007ffaf1333000 	C:\WINDOWS\SYSTEM32\DBGHELP.DLL
0x00007ffaf5670000 - 0x00007ffaf5a03000 	C:\WINDOWS\System32\combase.dll
0x00007ffaf4690000 - 0x00007ffaf4767000 	C:\WINDOWS\System32\OLEAUT32.dll
0x00007ffad6580000 - 0x00007ffad65b2000 	C:\WINDOWS\SYSTEM32\dbgcore.DLL
0x00007ffaf4080000 - 0x00007ffaf40fb000 	C:\WINDOWS\System32\bcryptPrimitives.dll
0x00007ffad0b10000 - 0x00007ffad0b1e000 	C:\Users\nerea\.jdks\corretto-21.0.5\bin\instrument.dll
0x00007ffad48c0000 - 0x00007ffad48df000 	C:\Users\nerea\.jdks\corretto-21.0.5\bin\java.dll
0x00007ffaf4d40000 - 0x00007ffaf55e2000 	C:\WINDOWS\System32\SHELL32.dll
0x00007ffaf3560000 - 0x00007ffaf369f000 	C:\WINDOWS\System32\wintypes.dll
0x00007ffaf1440000 - 0x00007ffaf1d5d000 	C:\WINDOWS\SYSTEM32\windows.storage.dll
0x00007ffaf4350000 - 0x00007ffaf445c000 	C:\WINDOWS\System32\SHCORE.dll
0x00007ffaf5a10000 - 0x00007ffaf5a79000 	C:\WINDOWS\System32\shlwapi.dll
0x00007ffaf3490000 - 0x00007ffaf34bb000 	C:\WINDOWS\SYSTEM32\profapi.dll
0x00007ffacdbe0000 - 0x00007ffacdcb7000 	C:\Users\nerea\.jdks\corretto-21.0.5\bin\jsvml.dll
0x00007ffad4850000 - 0x00007ffad4868000 	C:\Users\nerea\.jdks\corretto-21.0.5\bin\zip.dll
0x00007ffadd440000 - 0x00007ffadd450000 	C:\Users\nerea\.jdks\corretto-21.0.5\bin\net.dll
0x00007ffaeac50000 - 0x00007ffaead7c000 	C:\WINDOWS\SYSTEM32\WINHTTP.dll
0x00007ffaf2a80000 - 0x00007ffaf2ae9000 	C:\WINDOWS\system32\mswsock.dll
0x00007ffad48a0000 - 0x00007ffad48b6000 	C:\Users\nerea\.jdks\corretto-21.0.5\bin\nio.dll
0x00007fface210000 - 0x00007fface22a000 	C:\Program Files\JetBrains\IntelliJ IDEA Community Edition 2023.2.2\bin\breakgen64.dll
0x00007ffad0af0000 - 0x00007ffad0af9000 	C:\Users\nerea\.jdks\corretto-21.0.5\bin\extnet.dll
0x00007ffad0b00000 - 0x00007ffad0b0e000 	C:\Users\nerea\.jdks\corretto-21.0.5\bin\sunmscapi.dll
0x00007ffaf39d0000 - 0x00007ffaf3b37000 	C:\WINDOWS\System32\CRYPT32.dll
0x00007ffaf2f10000 - 0x00007ffaf2f3d000 	C:\WINDOWS\SYSTEM32\ncrypt.dll
0x00007ffaf2ed0000 - 0x00007ffaf2f07000 	C:\WINDOWS\SYSTEM32\NTASN1.dll
0x00007ffaf2cd0000 - 0x00007ffaf2ceb000 	C:\WINDOWS\SYSTEM32\CRYPTSP.dll
0x00007ffaf24f0000 - 0x00007ffaf2527000 	C:\WINDOWS\system32\rsaenh.dll
0x00007ffaf2b70000 - 0x00007ffaf2b98000 	C:\WINDOWS\SYSTEM32\USERENV.dll
0x00007ffaf2cf0000 - 0x00007ffaf2cfc000 	C:\WINDOWS\SYSTEM32\CRYPTBASE.dll
0x00007ffaf1fc0000 - 0x00007ffaf1fed000 	C:\WINDOWS\SYSTEM32\IPHLPAPI.DLL
0x00007ffaf4c50000 - 0x00007ffaf4c59000 	C:\WINDOWS\System32\NSI.dll
0x00007ffad0fb0000 - 0x00007ffad0fc0000 	C:\Users\nerea\.jdks\corretto-21.0.5\bin\verify.dll
0x00007ffaf1ff0000 - 0x00007ffaf20e8000 	C:\WINDOWS\SYSTEM32\DNSAPI.dll
0x00007ffaeca00000 - 0x00007ffaeca0a000 	C:\Windows\System32\rasadhlp.dll
0x00007ffae6ff0000 - 0x00007ffae7074000 	C:\WINDOWS\System32\fwpuclnt.dll
0x00007ffad0fa0000 - 0x00007ffad0fa9000 	C:\Users\nerea\.jdks\corretto-21.0.5\bin\management.dll
0x00007ffad0f90000 - 0x00007ffad0f9b000 	C:\Users\nerea\.jdks\corretto-21.0.5\bin\management_ext.dll
0x00007ffaf4510000 - 0x00007ffaf4518000 	C:\WINDOWS\System32\PSAPI.DLL
0x00007ffa9fd50000 - 0x00007ffa9fd58000 	C:\WINDOWS\system32\wshunix.dll

dbghelp: loaded successfully - version: 4.0.5 - missing functions: none
symbol engine: initialized successfully - sym options: 0x614 - pdb path: .;C:\Users\nerea\.jdks\corretto-21.0.5\bin;C:\WINDOWS\SYSTEM32;C:\WINDOWS\WinSxS\amd64_microsoft.windows.common-controls_6595b64144ccf1df_6.0.22621.5547_none_27104afb73855772;C:\Users\nerea\.jdks\corretto-21.0.5\bin\server;C:\Program Files\JetBrains\IntelliJ IDEA Community Edition 2023.2.2\bin

VM Arguments:
jvm_args: -javaagent:C:\Program Files\JetBrains\IntelliJ IDEA Community Edition 2023.2.2\lib\idea_rt.jar=64069:C:\Program Files\JetBrains\IntelliJ IDEA Community Edition 2023.2.2\bin -Dfile.encoding=UTF-8 -Dsun.stdout.encoding=UTF-8 -Dsun.stderr.encoding=UTF-8 
java_command: com.example.userservice.UserServiceApplication
java_class_path (initial): C:\Users\nerea\OneDrive\Documentos\DigitalMoneyDefined\user-service\target\classes;C:\Users\nerea\.m2\repository\org\springframework\boot\spring-boot-starter-oauth2-resource-server\3.3.3\spring-boot-starter-oauth2-resource-server-3.3.3.jar;C:\Users\nerea\.m2\repository\org\springframework\boot\spring-boot-starter\3.3.3\spring-boot-starter-3.3.3.jar;C:\Users\nerea\.m2\repository\org\springframework\boot\spring-boot\3.3.3\spring-boot-3.3.3.jar;C:\Users\nerea\.m2\repository\org\springframework\boot\spring-boot-autoconfigure\3.3.3\spring-boot-autoconfigure-3.3.3.jar;C:\Users\nerea\.m2\repository\org\springframework\boot\spring-boot-starter-logging\3.3.3\spring-boot-starter-logging-3.3.3.jar;C:\Users\nerea\.m2\repository\ch\qos\logback\logback-classic\1.5.7\logback-classic-1.5.7.jar;C:\Users\nerea\.m2\repository\ch\qos\logback\logback-core\1.5.7\logback-core-1.5.7.jar;C:\Users\nerea\.m2\repository\org\apache\logging\log4j\log4j-to-slf4j\2.23.1\log4j-to-slf4j-2.23.1.jar;C:\Users\nerea\.m2\repository\org\apache\logging\log4j\log4j-api\2.23.1\log4j-api-2.23.1.jar;C:\Users\nerea\.m2\repository\org\slf4j\jul-to-slf4j\2.0.16\jul-to-slf4j-2.0.16.jar;C:\Users\nerea\.m2\repository\jakarta\annotation\jakarta.annotation-api\2.1.1\jakarta.annotation-api-2.1.1.jar;C:\Users\nerea\.m2\repository\org\yaml\snakeyaml\2.2\snakeyaml-2.2.jar;C:\Users\nerea\.m2\repository\org\springframework\security\spring-security-config\6.3.3\spring-security-config-6.3.3.jar;C:\Users\nerea\.m2\repository\org\springframework\spring-beans\6.1.12\spring-beans-6.1.12.jar;C:\Users\nerea\.m2\repository\org\springframework\security\spring-security-core\6.3.3\spring-security-core-6.3.3.jar;C:\Users\nerea\.m2\repository\org\springframework\security\spring-security-crypto\6.3.3\spring-security-crypto-6.3.3.jar;C:\Users\nerea\.m2\repository\org\springframework\spring-expression\6.1.12\spring-expression-6.1.12.jar;C:\Users\nerea\.m2\repository\org\springframework\security\spring-security-oauth2-resource-server\6.3.3\spring-security-oauth2-resource-server-6.3.3.jar;C:\Users\nerea\.m2\repository\org\springframework\security\spring-security-oauth2-core\6.3.3\spring-security-oauth2-core-6.3.3.jar;C:\Users\nerea\.m2\repository\org\springframework\security\spring-security-oauth2-jose\6.3.3\spring-security-oauth2-jose-6.3.3.jar;C:\Users\nerea\.m2\repository\com\nimbusds\nimbus-jose-jwt\9.37.3\nimbus-jose-jwt-9.37.3.jar;C:\Users\nerea\.m2\repository\com\github\stephenc\jcip\jcip-annotations\1.0-1\jcip-annotations-1.0-1.jar;C:\Users\nerea\.m2\repository\org\springframework\boot\spring-boot-starter-security\3.3.3\spring-boot-starter-security-3.3.3.jar;C:\Users\nerea\.m2\repository\org\springframework\spring-aop\6.1.12\spring-aop-6.1.12.jar;C:\Users\nerea\.m2\repository\org\springframework\security\spring-security-web\6.3.3\spring-security-web-6.3.3.jar;C:\Users\nerea\.m2\repository\org\springframework\boot\spring-boot-starter-mail\3.3.3\spring-boot-starter-mail-3.3.3.jar;C:\Users\nerea\.m2\repository\org\springframework\spring-context-support\6.1.12\spring-context-support-6.1.12.jar;C:\Users\nerea\.m2\repository\org\eclipse\angus\jakarta.mail\2.0.3\jakarta.mail-2.0.3.jar;C:\Users\nerea\.m2\repository\jakarta\activation\jakarta.activation-api\2.1.3\jakarta.activation-api-2.1.3.jar;C:\Users\nerea\.m2\repository\org\eclipse\angus\angus-activation\2.0.2\angus-activation-2.0.2.jar;C:\Users\nerea\.m2\repository\org\springframework\boot\spring-boot-starter-data-jpa\3.3.3\spring-boot-starter-data-jpa-3.3.3.jar;C:\Users\nerea\.m2\repository\org\springframework\boot\spring-boot-starter-aop\3.3.3\spring-boot-starter-aop-3.3.3.jar;C:\Users\nerea\.m2\repository\org\aspectj\aspectjweaver\1.9.22.1\aspectjweaver-1.9.22.1.jar;C:\Users\nerea\.m2\repository\org\springframework\boot\spring-boot-starter-jdbc\3.3.3\spring-boot-starter-jdbc-3.3.3.jar;C:\Users\nerea\.m2\repository\com\zaxxer\HikariCP\5.1.0\HikariCP-5.1.0.jar;C:\Users\nerea\.m2\repository\org\springframework\spring-jdbc\6.1.12\spring-jdbc-6.1.12.jar;C:\Users\nerea\.m2\repository\org\hibernate\orm\hibernate-core\6.5.2.Final\hibernate-core-6.5.2.Final.jar;C:\Users\nerea\.m2\repository\jakarta\persistence\jakarta.persistence-api\3.1.0\jakarta.persistence-api-3.1.0.jar;C:\Users\nerea\.m2\repository\jakarta\transaction\jakarta.transaction-api\2.0.1\jakarta.transaction-api-2.0.1.jar;C:\Users\nerea\.m2\repository\org\jboss\logging\jboss-logging\3.5.3.Final\jboss-logging-3.5.3.Final.jar;C:\Users\nerea\.m2\repository\org\hibernate\common\hibernate-commons-annotations\6.0.6.Final\hibernate-commons-annotations-6.0.6.Final.jar;C:\Users\nerea\.m2\repository\io\smallrye\jandex\3.1.2\jandex-3.1.2.jar;C:\Users\nerea\.m2\repository\com\fasterxml\classmate\1.7.0\classmate-1.7.0.jar;C:\Users\nerea\.m2\repository\jakarta\inject\jakarta.inject-api\2.0.1\jakarta.inject-api-2.0.1.jar;C:\Users\nerea\.m2\repository\org\antlr\antlr4-runtime\4.13.0\antlr4-runtime-4.13.0.jar;C:\Users\nerea\.m2\repository\org\springframework\data\spring-data-jpa\3.3.3\spring-data-jpa-3.3.3.jar;C:\Users\nerea\.m2\repository\org\springframework\data\spring-data-commons\3.3.3\spring-data-commons-3.3.3.jar;C:\Users\nerea\.m2\repository\org\springframework\spring-orm\6.1.12\spring-orm-6.1.12.jar;C:\Users\nerea\.m2\repository\org\slf4j\slf4j-api\2.0.16\slf4j-api-2.0.16.jar;C:\Users\nerea\.m2\repository\org\springframework\spring-aspects\6.1.12\spring-aspects-6.1.12.jar;C:\Users\nerea\.m2\repository\javax\xml\bind\jaxb-api\2.3.1\jaxb-api-2.3.1.jar;C:\Users\nerea\.m2\repository\javax\activation\javax.activation-api\1.2.0\javax.activation-api-1.2.0.jar;C:\Users\nerea\.m2\repository\org\glassfish\jaxb\jaxb-runtime\2.3.1\jaxb-runtime-2.3.1.jar;C:\Users\nerea\.m2\repository\org\glassfish\jaxb\txw2\4.0.5\txw2-4.0.5.jar;C:\Users\nerea\.m2\repository\com\sun\istack\istack-commons-runtime\4.1.2\istack-commons-runtime-4.1.2.jar;C:\Users\nerea\.m2\repository\org\jvnet\staxex\stax-ex\2.1.0\stax-ex-2.1.0.jar;C:\Users\nerea\.m2\repository\com\sun\xml\fastinfoset\FastInfoset\2.1.1\FastInfoset-2.1.1.jar;C:\Users\nerea\.m2\repository\jakarta\mail\jakarta.mail-api\2.0.1\jakarta.mail-api-2.0.1.jar;C:\Users\nerea\.m2\repository\com\sun\mail\jakarta.mail\2.0.1\jakarta.mail-2.0.1.jar;C:\Users\nerea\.m2\repository\com\sun\activation\jakarta.activation\2.0.1\jakarta.activation-2.0.1.jar;C:\Users\nerea\.m2\repository\org\springframework\boot\spring-boot-starter-web\3.3.3\spring-boot-starter-web-3.3.3.jar;C:\Users\nerea\.m2\repository\org\springframework\boot\spring-boot-starter-json\3.3.3\spring-boot-starter-json-3.3.3.jar;C:\Users\nerea\.m2\repository\com\fasterxml\jackson\datatype\jackson-datatype-jdk8\2.17.2\jackson-datatype-jdk8-2.17.2.jar;C:\Users\nerea\.m2\repository\com\fasterxml\jackson\datatype\jackson-datatype-jsr310\2.17.2\jackson-datatype-jsr310-2.17.2.jar;C:\Users\nerea\.m2\repository\com\fasterxml\jackson\module\jackson-module-parameter-names\2.17.2\jackson-module-parameter-names-2.17.2.jar;C:\Users\nerea\.m2\repository\org\springframework\boot\spring-boot-starter-tomcat\3.3.3\spring-boot-starter-tomcat-3.3.3.jar;C:\Users\nerea\.m2\repository\org\apache\tomcat\embed\tomcat-embed-core\10.1.28\tomcat-embed-core-10.1.28.jar;C:\Users\nerea\.m2\repository\org\apache\tomcat\embed\tomcat-embed-websocket\10.1.28\tomcat-embed-websocket-10.1.28.jar;C:\Users\nerea\.m2\repository\org\springframework\spring-web\6.1.12\spring-web-6.1.12.jar;C:\Users\nerea\.m2\repository\org\springframework\spring-webmvc\6.1.12\spring-webmvc-6.1.12.jar;C:\Users\nerea\.m2\repository\org\springframework\cloud\spring-cloud-starter-config\4.1.3\spring-cloud-starter-config-4.1.3.jar;C:\Users\nerea\.m2\repository\org\springframework\cloud\spring-cloud-starter\4.1.4\spring-cloud-starter-4.1.4.jar;C:\Users\nerea\.m2\repository\org\springframework\cloud\spring-cloud-context\4.1.4\spring-cloud-context-4.1.4.jar;C:\Users\nerea\.m2\repository\org\springframework\security\spring-security-rsa\1.1.3\spring-security-rsa-1.1.3.jar;C:\Users\nerea\.m2\repository\org\bouncycastle\bcprov-jdk18on\1.78\bcprov-jdk18on-1.78.jar;C:\Users\nerea\.m2\repository\org\springframework\cloud\spring-cloud-config-client\4.1.3\spring-cloud-config-client-4.1.3.jar;C:\Users\nerea\.m2\repository\com\fasterxml\jackson\core\jackson-annotations\2.17.2\jackson-annotations-2.17.2.jar;C:\Users\nerea\.m2\repository\org\apache\httpcomponents\client5\httpclient5\5.3.1\httpclient5-5.3.1.jar;C:\Users\nerea\.m2\repository\org\apache\httpcomponents\core5\httpcore5\5.2.5\httpcore5-5.2.5.jar;C:\Users\nerea\.m2\repository\org\apache\httpcomponents\core5\httpcore5-h2\5.2.5\httpcore5-h2-5.2.5.jar;C:\Users\nerea\.m2\repository\com\fasterxml\jackson\core\jackson-databind\2.17.2\jackson-databind-2.17.2.jar;C:\Users\nerea\.m2\repository\com\fasterxml\jackson\core\jackson-core\2.17.2\jackson-core-2.17.2.jar;C:\Users\nerea\.m2\repository\org\springframework\cloud\spring-cloud-starter-netflix-eureka-client\4.1.3\spring-cloud-starter-netflix-eureka-client-4.1.3.jar;C:\Users\nerea\.m2\repository\org\springframework\cloud\spring-cloud-netflix-eureka-client\4.1.3\spring-cloud-netflix-eureka-client-4.1.3.jar;C:\Users\nerea\.m2\repository\com\netflix\eureka\eureka-client\2.0.3\eureka-client-2.0.3.jar;C:\Users\nerea\.m2\repository\com\thoughtworks\xstream\xstream\1.4.20\xstream-1.4.20.jar;C:\Users\nerea\.m2\repository\io\github\x-stream\mxparser\1.2.2\mxparser-1.2.2.jar;C:\Users\nerea\.m2\repository\xmlpull\xmlpull\1.1.3.1\xmlpull-1.1.3.1.jar;C:\Users\nerea\.m2\repository\jakarta\ws\rs\jakarta.ws.rs-api\3.1.0\jakarta.ws.rs-api-3.1.0.jar;C:\Users\nerea\.m2\repository\com\netflix\spectator\spectator-api\1.7.3\spectator-api-1.7.3.jar;C:\Users\nerea\.m2\repository\org\apache\httpcomponents\httpclient\4.5.3\httpclient-4.5.3.jar;C:\Users\nerea\.m2\repository\org\apache\httpcomponents\httpcore\4.4.16\httpcore-4.4.16.jar;C:\Users\nerea\.m2\repository\commons-codec\commons-codec\1.16.1\commons-codec-1.16.1.jar;C:\Users\nerea\.m2\repository\commons-configuration\commons-configuration\1.10\commons-configuration-1.10.jar;C:\Users\nerea\.m2\repository\commons-lang\commons-lang\2.6\commons-lang-2.6.jar;C:\Users\nerea\.m2\repository\com\netflix\netflix-commons\netflix-eventbus\0.3.0\netflix-eventbus-0.3.0.jar;C:\Users\nerea\.m2\repository\com\netflix\netflix-commons\netflix-infix\0.3.0\netflix-infix-0.3.0.jar;C:\Users\nerea\.m2\repository\commons-jxpath\commons-jxpath\1.3\commons-jxpath-1.3.jar;C:\Users\nerea\.m2\repository\joda-time\joda-time\2.3\joda-time-2.3.jar;C:\Users\nerea\.m2\repository\org\antlr\antlr-runtime\3.4\antlr-runtime-3.4.jar;C:\Users\nerea\.m2\repository\org\antlr\stringtemplate\3.2.1\stringtemplate-3.2.1.jar;C:\Users\nerea\.m2\repository\antlr\antlr\2.7.7\antlr-2.7.7.jar;C:\Users\nerea\.m2\repository\com\netflix\servo\servo-core\0.5.3\servo-core-0.5.3.jar;C:\Users\nerea\.m2\repository\org\apache\commons\commons-math\2.2\commons-math-2.2.jar;C:\Users\nerea\.m2\repository\javax\annotation\javax.annotation-api\1.2\javax.annotation-api-1.2.jar;C:\Users\nerea\.m2\repository\org\codehaus\jettison\jettison\1.5.4\jettison-1.5.4.jar;C:\Users\nerea\.m2\repository\com\netflix\eureka\eureka-core\2.0.3\eureka-core-2.0.3.jar;C:\Users\nerea\.m2\repository\com\fasterxml\woodstox\woodstox-core\6.2.1\woodstox-core-6.2.1.jar;C:\Users\nerea\.m2\repository\org\codehaus\woodstox\stax2-api\4.2.1\stax2-api-4.2.1.jar;C:\Users\nerea\.m2\repository\com\google\guava\guava\33.0.0-jre\guava-33.0.0-jre.jar;C:\Users\nerea\.m2\repository\com\google\guava\failureaccess\1.0.2\failureaccess-1.0.2.jar;C:\Users\nerea\.m2\repository\com\google\guava\listenablefuture\9999.0-empty-to-avoid-conflict-with-guava\listenablefuture-9999.0-empty-to-avoid-conflict-with-guava.jar;C:\Users\nerea\.m2\repository\org\checkerframework\checker-qual\3.41.0\checker-qual-3.41.0.jar;C:\Users\nerea\.m2\repository\com\google\errorprone\error_prone_annotations\2.23.0\error_prone_annotations-2.23.0.jar;C:\Users\nerea\.m2\repository\com\google\j2objc\j2objc-annotations\2.8\j2objc-annotations-2.8.jar;C:\Users\nerea\.m2\repository\org\springframework\cloud\spring-cloud-starter-loadbalancer\4.1.4\spring-cloud-starter-loadbalancer-4.1.4.jar;C:\Users\nerea\.m2\repository\org\springframework\cloud\spring-cloud-loadbalancer\4.1.4\spring-cloud-loadbalancer-4.1.4.jar;C:\Users\nerea\.m2\repository\io\projectreactor\reactor-core\3.6.9\reactor-core-3.6.9.jar;C:\Users\nerea\.m2\repository\org\reactivestreams\reactive-streams\1.0.4\reactive-streams-1.0.4.jar;C:\Users\nerea\.m2\repository\io\projectreactor\addons\reactor-extra\3.5.2\reactor-extra-3.5.2.jar;C:\Users\nerea\.m2\repository\org\springframework\boot\spring-boot-starter-cache\3.3.3\spring-boot-starter-cache-3.3.3.jar;C:\Users\nerea\.m2\repository\com\stoyanr\evictor\1.0.0\evictor-1.0.0.jar;C:\Users\nerea\.m2\repository\jakarta\xml\bind\jakarta.xml.bind-api\4.0.2\jakarta.xml.bind-api-4.0.2.jar;C:\Users\nerea\.m2\repository\org\springframework\spring-core\6.1.12\spring-core-6.1.12.jar;C:\Users\nerea\.m2\repository\org\springframework\spring-jcl\6.1.12\spring-jcl-6.1.12.jar;C:\Users\nerea\.m2\repository\org\springframework\boot\spring-boot-starter-validation\3.3.3\spring-boot-starter-validation-3.3.3.jar;C:\Users\nerea\.m2\repository\org\apache\tomcat\embed\tomcat-embed-el\10.1.28\tomcat-embed-el-10.1.28.jar;C:\Users\nerea\.m2\repository\org\hibernate\validator\hibernate-validator\8.0.1.Final\hibernate-validator-8.0.1.Final.jar;C:\Users\nerea\.m2\repository\jakarta\validation\jakarta.validation-api\3.0.2\jakarta.validation-api-3.0.2.jar;C:\Users\nerea\.m2\repository\com\google\code\gson\gson\2.10.1\gson-2.10.1.jar;C:\Users\nerea\.m2\repository\org\modelmapper\modelmapper\2.4.4\modelmapper-2.4.4.jar;C:\Users\nerea\.m2\repository\com\mysql\mysql-connector-j\8.0.33\mysql-connector-j-8.0.33.jar;C:\Users\nerea\.m2\repository\org\springframework\cloud\spring-cloud-starter-openfeign\4.1.3\spring-cloud-starter-openfeign-4.1.3.jar;C:\Users\nerea\.m2\repository\org\springframework\cloud\spring-cloud-openfeign-core\4.1.3\spring-cloud-openfeign-core-4.1.3.jar;C:\Users\nerea\.m2\repository\io\github\openfeign\form\feign-form-spring\3.8.0\feign-form-spring-3.8.0.jar;C:\Users\nerea\.m2\repository\io\github\openfeign\form\feign-form\3.8.0\feign-form-3.8.0.jar;C:\Users\nerea\.m2\repository\commons-fileupload\commons-fileupload\1.5\commons-fileupload-1.5.jar;C:\Users\nerea\.m2\repository\commons-io\commons-io\2.11.0\commons-io-2.11.0.jar;C:\Users\nerea\.m2\repository\org\springframework\cloud\spring-cloud-commons\4.1.4\spring-cloud-commons-4.1.4.jar;C:\Users\nerea\.m2\repository\io\github\openfeign\feign-core\13.3\feign-core-13.3.jar;C:\Users\nerea\.m2\repository\io\github\openfeign\feign-slf4j\13.3\feign-slf4j-13.3.jar;C:\Users\nerea\.m2\repository\net\bytebuddy\byte-buddy\1.14.19\byte-buddy-1.14.19.jar;C:\Users\nerea\.m2\repository\io\jsonwebtoken\jjwt\0.9.0\jjwt-0.9.0.jar;C:\Users\nerea\.m2\repository\io\swagger\core\v3\swagger-annotations\2.2.22\swagger-annotations-2.2.22.jar;C:\Users\nerea\.m2\repository\org\springdoc\springdoc-openapi-starter-webmvc-ui\2.1.0\springdoc-openapi-starter-webmvc-ui-2.1.0.jar;C:\Users\nerea\.m2\repository\org\springdoc\springdoc-openapi-starter-webmvc-api\2.1.0\springdoc-openapi-starter-webmvc-api-2.1.0.jar;C:\Users\nerea\.m2\repository\org\springdoc\springdoc-openapi-starter-common\2.1.0\springdoc-openapi-starter-common-2.1.0.jar;C:\Users\nerea\.m2\repository\io\swagger\core\v3\swagger-core-jakarta\2.2.9\swagger-core-jakarta-2.2.9.jar;C:\Users\nerea\.m2\repository\org\apache\commons\commons-lang3\3.14.0\commons-lang3-3.14.0.jar;C:\Users\nerea\.m2\repository\io\swagger\core\v3\swagger-annotations-jakarta\2.2.9\swagger-annotations-jakarta-2.2.9.jar;C:\Users\nerea\.m2\repository\io\swagger\core\v3\swagger-models-jakarta\2.2.9\swagger-models-jakarta-2.2.9.jar;C:\Users\nerea\.m2\repository\com\fasterxml\jackson\dataformat\jackson-dataformat-yaml\2.17.2\jackson-dataformat-yaml-2.17.2.jar;C:\Users\nerea\.m2\repository\org\webjars\swagger-ui\4.18.2\swagger-ui-4.18.2.jar;C:\Users\nerea\.m2\repository\org\springframework\amqp\spring-rabbit\3.1.7\spring-rabbit-3.1.7.jar;C:\Users\nerea\.m2\repository\org\springframework\amqp\spring-amqp\3.1.7\spring-amqp-3.1.7.jar;C:\Users\nerea\.m2\repository\org\springframework\retry\spring-retry\2.0.8\spring-retry-2.0.8.jar;C:\Users\nerea\.m2\repository\com\rabbitmq\amqp-client\5.21.0\amqp-client-5.21.0.jar;C:\Users\nerea\.m2\repository\org\springframework\spring-context\6.1.12\spring-context-6.1.12.jar;C:\Users\nerea\.m2\repository\org\springframework\spring-messaging\6.1.12\spring-messaging-6.1.12.jar;C:\Users\nerea\.m2\repository\org\springframework\spring-tx\6.1.12\spring-tx-6.1.12.jar;C:\Users\nerea\.m2\repository\io\micrometer\micrometer-observation\1.13.3\micrometer-observation-1.13.3.jar;C:\Users\nerea\.m2\repository\io\micrometer\micrometer-commons\1.13.3\micrometer-commons-1.13.3.jar;C:\Users\nerea\OneDrive\Documentos\DigitalMoneyDefined\auth-service\target\classes;C:\Users\nerea\.m2\repository\org\springframework\boot\spring-boot-starter-amqp\3.3.3\spring-boot-starter-amqp-3.3.3.jar
Launcher Type: SUN_STANDARD

[Global flags]
     intx CICompilerCount                          = 3                                         {product} {ergonomic}
     uint ConcGCThreads                            = 1                                         {product} {ergonomic}
     uint G1ConcRefinementThreads                  = 4                                         {product} {ergonomic}
   size_t G1HeapRegionSize                         = 1048576                                   {product} {ergonomic}
    uintx GCDrainStackTargetSize                   = 64                                        {product} {ergonomic}
   size_t InitialHeapSize                          = 62914560                                  {product} {ergonomic}
   size_t MarkStackSize                            = 4194304                                   {product} {ergonomic}
   size_t MaxHeapSize                              = 994050048                                 {product} {ergonomic}
   size_t MaxNewSize                               = 595591168                                 {product} {ergonomic}
   size_t MinHeapDeltaBytes                        = 1048576                                   {product} {ergonomic}
   size_t MinHeapSize                              = 8388608                                   {product} {ergonomic}
    uintx NonNMethodCodeHeapSize                   = 5832780                                {pd product} {ergonomic}
    uintx NonProfiledCodeHeapSize                  = 122912730                              {pd product} {ergonomic}
    uintx ProfiledCodeHeapSize                     = 122912730                              {pd product} {ergonomic}
    uintx ReservedCodeCacheSize                    = 251658240                              {pd product} {ergonomic}
     bool SegmentedCodeCache                       = true                                      {product} {ergonomic}
   size_t SoftMaxHeapSize                          = 994050048                              {manageable} {ergonomic}
     bool UseCompressedOops                        = true                           {product lp64_product} {ergonomic}
     bool UseG1GC                                  = true                                      {product} {ergonomic}
     bool UseLargePagesIndividualAllocation        = false                                  {pd product} {ergonomic}

Logging:
Log output configuration:
 #0: stdout all=warning uptime,level,tags foldmultilines=false
 #1: stderr all=off uptime,level,tags foldmultilines=false

Environment Variables:
PATH=C:\Program Files\Common Files\Oracle\Java\javapath;C:\WINDOWS\system32;C:\WINDOWS;C:\WINDOWS\System32\Wbem;C:\WINDOWS\System32\WindowsPowerShell\v1.0\;C:\WINDOWS\System32\OpenSSH\;C:\Program Files\nodejs\;C:\Program Files\Git\cmd;C:\Program Files\MySQL\MySQL Utilities 1.6\;C:\Program Files\Docker\Docker\resources\bin;C:\Users\nerea\AppData\Local\Microsoft\WindowsApps;;C:\Users\nerea\AppData\Local\Programs\Microsoft VS Code\bin;C:\Users\nerea\AppData\Roaming\npm;C:\Program Files\JetBrains\IntelliJ IDEA 2023.2\bin;
USERNAME=nerea
OS=Windows_NT
PROCESSOR_IDENTIFIER=Intel64 Family 6 Model 140 Stepping 1, GenuineIntel
TMP=C:\Users\nerea\AppData\Local\Temp
TEMP=C:\Users\nerea\AppData\Local\Temp




Periodic native trim disabled

---------------  S Y S T E M  ---------------

OS:
 Windows 11 , 64 bit Build 22621 (10.0.22621.5415)
OS uptime: 2 days 0:53 hours
Hyper-V role detected

CPU: total 4 (initial active 4) (2 cores per cpu, 2 threads per core) family 6 model 140 stepping 1 microcode 0x86, cx8, cmov, fxsr, ht, mmx, 3dnowpref, sse, sse2, sse3, ssse3, sse4.1, sse4.2, popcnt, lzcnt, tsc, tscinvbit, avx, avx2, aes, erms, clmul, bmi1, bmi2, adx, avx512f, avx512dq, avx512cd, avx512bw, avx512vl, sha, fma, vzeroupper, avx512_vpopcntdq, avx512_vpclmulqdq, avx512_vaes, avx512_vnni, clflush, clflushopt, clwb, avx512_vbmi2, avx512_vbmi, hv, rdtscp, rdpid, fsrm, gfni, avx512_bitalg, f16c, cet_ibt, cet_ss, avx512_ifma
Processor Information for processor 0
  Max Mhz: 2995, Current Mhz: 998, Mhz Limit: 2995
Processor Information for processor 1
  Max Mhz: 2995, Current Mhz: 2995, Mhz Limit: 2995
Processor Information for processor 2
  Max Mhz: 2995, Current Mhz: 2995, Mhz Limit: 2995
Processor Information for processor 3
  Max Mhz: 2995, Current Mhz: 2995, Mhz Limit: 2995

Memory: 4k page, system-wide physical 3790M (403M free)
TotalPageFile size 15566M (AvailPageFile size 3M)
current process WorkingSet (physical memory assigned to process): 33M, peak: 259M
current process commit charge ("private bytes"): 318M, peak: 341M

vm_info: OpenJDK 64-Bit Server VM (21.0.5+11-LTS) for windows-amd64 JRE (21.0.5+11-LTS), built on 2024-10-11T20:58:34Z by "Administrator" with MS VC++ 16.10 / 16.11 (VS2019)

END.
